INFO:root:Se escogió la tarea: 
INFO:root:cifrar
INFO:root:El modo es: cifgithub
INFO:root:El usuario es: angmont
INFO:root:Estamos en cifrar_github
INFO:root:Nuestro universo es: ABCDEFGHIJKLMNOPQRSTUVWXYZabcdefghijklmnopqrstuvwxyz1234567890 !?.
INFO:root:Cifrando mensaje...
INFO:root:Uhsrvlwrulr.4


INFO:root:Nuestro universo es: ABCDEFGHIJKLMNOPQRSTUVWXYZabcdefghijklmnopqrstuvwxyz1234567890 !?.
INFO:root:Cifrando mensaje...
INFO:root:lg.=.754!994 9

INFO:root:Nuestro universo es: ABCDEFGHIJKLMNOPQRSTUVWXYZabcdefghijklmnopqrstuvwxyz1234567890 !?.
INFO:root:Cifrando mensaje...
INFO:root:qrgh_lg.=.U_njGRJVd1dj

INFO:root:Nuestro universo es: ABCDEFGHIJKLMNOPQRSTUVWXYZabcdefghijklmnopqrstuvwxyz1234567890 !?.
INFO:root:Cifrando mensaje...
INFO:root:qdph.=.khoor-jlwkxe-dfwlrqv

INFO:root:Nuestro universo es: ABCDEFGHIJKLMNOPQRSTUVWXYZabcdefghijklmnopqrstuvwxyz1234567890 !?.
INFO:root:Cifrando mensaje...
INFO:root:ixoo_qdph.=.dqjprqw/khoor-jlwkxe-dfwlrqv

INFO:root:Nuestro universo es: ABCDEFGHIJKLMNOPQRSTUVWXYZabcdefghijklmnopqrstuvwxyz1234567890 !?.
INFO:root:Cifrando mensaje...
INFO:root:sulydwh.=.Idovh

INFO:root:Nuestro universo es: ABCDEFGHIJKLMNOPQRSTUVWXYZabcdefghijklmnopqrstuvwxyz1234567890 !?.
INFO:root:Cifrando mensaje...
INFO:root:rzqhu.=.{'orjlq':.'dqjprqw',.'lg':.  !600!4,.'qrgh_lg':.'PGT9YaQofmj7RWP6Q3n1',.'dydwdu_xuo':.'kwwsv://dydwduvCjlwkxexvhufrqwhqwCfrp/x/  !600!4By=7',.'judydwdu_lg':.'',.'xuo':.'kwwsv://dslCjlwkxeCfrp/xvhuv/dqjprqw',.'kwpo_xuo':.'kwwsv://jlwkxeCfrp/dqjprqw',.'iroorzhuv_xuo':.'kwwsv://dslCjlwkxeCfrp/xvhuv/dqjprqw/iroorzhuv',.'iroorzlqj_xuo':.'kwwsv://dslCjlwkxeCfrp/xvhuv/dqjprqw/iroorzlqj{/rwkhu_xvhu}',.'jlvwv_xuo':.'kwwsv://dslCjlwkxeCfrp/xvhuv/dqjprqw/jlvwv{/jlvw_lg}',.'vwduuhg_xuo':.'kwwsv://dslCjlwkxeCfrp/xvhuv/dqjprqw/vwduuhg{/rzqhu}{/uhsr}',.'vxevfulswlrqv_xuo':.'kwwsv://dslCjlwkxeCfrp/xvhuv/dqjprqw/vxevfulswlrqv',.'rujdql3dwlrqv_xuo':.'kwwsv://dslCjlwkxeCfrp/xvhuv/dqjprqw/rujv',.'uhsrv_xuo':.'kwwsv://dslCjlwkxeCfrp/xvhuv/dqjprqw/uhsrv',.'hyhqwv_xuo':.'kwwsv://dslCjlwkxeCfrp/xvhuv/dqjprqw/hyhqwv{/sulydf2}',.'uhfhlyhg_hyhqwv_xuo':.'kwwsv://dslCjlwkxeCfrp/xvhuv/dqjprqw/uhfhlyhg_hyhqwv',.'w2sh':.'Xvhu',.'vlwh_dgplq':.Idovh}

INFO:root:Nuestro universo es: ABCDEFGHIJKLMNOPQRSTUVWXYZabcdefghijklmnopqrstuvwxyz1234567890 !?.
INFO:root:Cifrando mensaje...
INFO:root:kwpo_xuo.=.kwwsv://jlwkxeCfrp/dqjprqw/khoor-jlwkxe-dfwlrqv

INFO:root:Nuestro universo es: ABCDEFGHIJKLMNOPQRSTUVWXYZabcdefghijklmnopqrstuvwxyz1234567890 !?.
INFO:root:Cifrando mensaje...
INFO:root:ghvfulswlrq.=.Qrqh

INFO:root:Nuestro universo es: ABCDEFGHIJKLMNOPQRSTUVWXYZabcdefghijklmnopqrstuvwxyz1234567890 !?.
INFO:root:Cifrando mensaje...
INFO:root:irun.=.Idovh

INFO:root:Nuestro universo es: ABCDEFGHIJKLMNOPQRSTUVWXYZabcdefghijklmnopqrstuvwxyz1234567890 !?.
INFO:root:Cifrando mensaje...
INFO:root:xuo.=.kwwsv://dslCjlwkxeCfrp/uhsrv/dqjprqw/khoor-jlwkxe-dfwlrqv

INFO:root:Nuestro universo es: ABCDEFGHIJKLMNOPQRSTUVWXYZabcdefghijklmnopqrstuvwxyz1234567890 !?.
INFO:root:Cifrando mensaje...
INFO:root:irunv_xuo.=.kwwsv://dslCjlwkxeCfrp/uhsrv/dqjprqw/khoor-jlwkxe-dfwlrqv/irunv

INFO:root:Nuestro universo es: ABCDEFGHIJKLMNOPQRSTUVWXYZabcdefghijklmnopqrstuvwxyz1234567890 !?.
INFO:root:Cifrando mensaje...
INFO:root:nh2v_xuo.=.kwwsv://dslCjlwkxeCfrp/uhsrv/dqjprqw/khoor-jlwkxe-dfwlrqv/nh2v{/nh2_lg}

INFO:root:Nuestro universo es: ABCDEFGHIJKLMNOPQRSTUVWXYZabcdefghijklmnopqrstuvwxyz1234567890 !?.
INFO:root:Cifrando mensaje...
INFO:root:frooderudwruv_xuo.=.kwwsv://dslCjlwkxeCfrp/uhsrv/dqjprqw/khoor-jlwkxe-dfwlrqv/frooderudwruv{/frooderudwru}

INFO:root:Nuestro universo es: ABCDEFGHIJKLMNOPQRSTUVWXYZabcdefghijklmnopqrstuvwxyz1234567890 !?.
INFO:root:Cifrando mensaje...
INFO:root:whdpv_xuo.=.kwwsv://dslCjlwkxeCfrp/uhsrv/dqjprqw/khoor-jlwkxe-dfwlrqv/whdpv

INFO:root:Nuestro universo es: ABCDEFGHIJKLMNOPQRSTUVWXYZabcdefghijklmnopqrstuvwxyz1234567890 !?.
INFO:root:Cifrando mensaje...
INFO:root:krrnv_xuo.=.kwwsv://dslCjlwkxeCfrp/uhsrv/dqjprqw/khoor-jlwkxe-dfwlrqv/krrnv

INFO:root:Nuestro universo es: ABCDEFGHIJKLMNOPQRSTUVWXYZabcdefghijklmnopqrstuvwxyz1234567890 !?.
INFO:root:Cifrando mensaje...
INFO:root:lvvxh_hyhqwv_xuo.=.kwwsv://dslCjlwkxeCfrp/uhsrv/dqjprqw/khoor-jlwkxe-dfwlrqv/lvvxhv/hyhqwv{/qxpehu}

INFO:root:Nuestro universo es: ABCDEFGHIJKLMNOPQRSTUVWXYZabcdefghijklmnopqrstuvwxyz1234567890 !?.
INFO:root:Cifrando mensaje...
INFO:root:hyhqwv_xuo.=.kwwsv://dslCjlwkxeCfrp/uhsrv/dqjprqw/khoor-jlwkxe-dfwlrqv/hyhqwv

INFO:root:Nuestro universo es: ABCDEFGHIJKLMNOPQRSTUVWXYZabcdefghijklmnopqrstuvwxyz1234567890 !?.
INFO:root:Cifrando mensaje...
INFO:root:dvvljqhhv_xuo.=.kwwsv://dslCjlwkxeCfrp/uhsrv/dqjprqw/khoor-jlwkxe-dfwlrqv/dvvljqhhv{/xvhu}

INFO:root:Nuestro universo es: ABCDEFGHIJKLMNOPQRSTUVWXYZabcdefghijklmnopqrstuvwxyz1234567890 !?.
INFO:root:Cifrando mensaje...
INFO:root:eudqfkhv_xuo.=.kwwsv://dslCjlwkxeCfrp/uhsrv/dqjprqw/khoor-jlwkxe-dfwlrqv/eudqfkhv{/eudqfk}

INFO:root:Nuestro universo es: ABCDEFGHIJKLMNOPQRSTUVWXYZabcdefghijklmnopqrstuvwxyz1234567890 !?.
INFO:root:Cifrando mensaje...
INFO:root:wdjv_xuo.=.kwwsv://dslCjlwkxeCfrp/uhsrv/dqjprqw/khoor-jlwkxe-dfwlrqv/wdjv

INFO:root:Nuestro universo es: ABCDEFGHIJKLMNOPQRSTUVWXYZabcdefghijklmnopqrstuvwxyz1234567890 !?.
INFO:root:Cifrando mensaje...
INFO:root:eorev_xuo.=.kwwsv://dslCjlwkxeCfrp/uhsrv/dqjprqw/khoor-jlwkxe-dfwlrqv/jlw/eorev{/vkd}

INFO:root:Nuestro universo es: ABCDEFGHIJKLMNOPQRSTUVWXYZabcdefghijklmnopqrstuvwxyz1234567890 !?.
INFO:root:Cifrando mensaje...
INFO:root:jlw_wdjv_xuo.=.kwwsv://dslCjlwkxeCfrp/uhsrv/dqjprqw/khoor-jlwkxe-dfwlrqv/jlw/wdjv{/vkd}

INFO:root:Nuestro universo es: ABCDEFGHIJKLMNOPQRSTUVWXYZabcdefghijklmnopqrstuvwxyz1234567890 !?.
INFO:root:Cifrando mensaje...
INFO:root:jlw_uhiv_xuo.=.kwwsv://dslCjlwkxeCfrp/uhsrv/dqjprqw/khoor-jlwkxe-dfwlrqv/jlw/uhiv{/vkd}

INFO:root:Nuestro universo es: ABCDEFGHIJKLMNOPQRSTUVWXYZabcdefghijklmnopqrstuvwxyz1234567890 !?.
INFO:root:Cifrando mensaje...
INFO:root:wuhhv_xuo.=.kwwsv://dslCjlwkxeCfrp/uhsrv/dqjprqw/khoor-jlwkxe-dfwlrqv/jlw/wuhhv{/vkd}

INFO:root:Nuestro universo es: ABCDEFGHIJKLMNOPQRSTUVWXYZabcdefghijklmnopqrstuvwxyz1234567890 !?.
INFO:root:Cifrando mensaje...
INFO:root:vwdwxvhv_xuo.=.kwwsv://dslCjlwkxeCfrp/uhsrv/dqjprqw/khoor-jlwkxe-dfwlrqv/vwdwxvhv/{vkd}

INFO:root:Nuestro universo es: ABCDEFGHIJKLMNOPQRSTUVWXYZabcdefghijklmnopqrstuvwxyz1234567890 !?.
INFO:root:Cifrando mensaje...
INFO:root:odqjxdjhv_xuo.=.kwwsv://dslCjlwkxeCfrp/uhsrv/dqjprqw/khoor-jlwkxe-dfwlrqv/odqjxdjhv

INFO:root:Nuestro universo es: ABCDEFGHIJKLMNOPQRSTUVWXYZabcdefghijklmnopqrstuvwxyz1234567890 !?.
INFO:root:Cifrando mensaje...
INFO:root:vwdujd3huv_xuo.=.kwwsv://dslCjlwkxeCfrp/uhsrv/dqjprqw/khoor-jlwkxe-dfwlrqv/vwdujd3huv

INFO:root:Nuestro universo es: ABCDEFGHIJKLMNOPQRSTUVWXYZabcdefghijklmnopqrstuvwxyz1234567890 !?.
INFO:root:Cifrando mensaje...
INFO:root:frqwulexwruv_xuo.=.kwwsv://dslCjlwkxeCfrp/uhsrv/dqjprqw/khoor-jlwkxe-dfwlrqv/frqwulexwruv

INFO:root:Nuestro universo es: ABCDEFGHIJKLMNOPQRSTUVWXYZabcdefghijklmnopqrstuvwxyz1234567890 !?.
INFO:root:Cifrando mensaje...
INFO:root:vxevfulehuv_xuo.=.kwwsv://dslCjlwkxeCfrp/uhsrv/dqjprqw/khoor-jlwkxe-dfwlrqv/vxevfulehuv

INFO:root:Nuestro universo es: ABCDEFGHIJKLMNOPQRSTUVWXYZabcdefghijklmnopqrstuvwxyz1234567890 !?.
INFO:root:Cifrando mensaje...
INFO:root:vxevfulswlrq_xuo.=.kwwsv://dslCjlwkxeCfrp/uhsrv/dqjprqw/khoor-jlwkxe-dfwlrqv/vxevfulswlrq

INFO:root:Nuestro universo es: ABCDEFGHIJKLMNOPQRSTUVWXYZabcdefghijklmnopqrstuvwxyz1234567890 !?.
INFO:root:Cifrando mensaje...
INFO:root:frpplwv_xuo.=.kwwsv://dslCjlwkxeCfrp/uhsrv/dqjprqw/khoor-jlwkxe-dfwlrqv/frpplwv{/vkd}

INFO:root:Nuestro universo es: ABCDEFGHIJKLMNOPQRSTUVWXYZabcdefghijklmnopqrstuvwxyz1234567890 !?.
INFO:root:Cifrando mensaje...
INFO:root:jlw_frpplwv_xuo.=.kwwsv://dslCjlwkxeCfrp/uhsrv/dqjprqw/khoor-jlwkxe-dfwlrqv/jlw/frpplwv{/vkd}

INFO:root:Nuestro universo es: ABCDEFGHIJKLMNOPQRSTUVWXYZabcdefghijklmnopqrstuvwxyz1234567890 !?.
INFO:root:Cifrando mensaje...
INFO:root:frpphqwv_xuo.=.kwwsv://dslCjlwkxeCfrp/uhsrv/dqjprqw/khoor-jlwkxe-dfwlrqv/frpphqwv{/qxpehu}

INFO:root:Nuestro universo es: ABCDEFGHIJKLMNOPQRSTUVWXYZabcdefghijklmnopqrstuvwxyz1234567890 !?.
INFO:root:Cifrando mensaje...
INFO:root:lvvxh_frpphqw_xuo.=.kwwsv://dslCjlwkxeCfrp/uhsrv/dqjprqw/khoor-jlwkxe-dfwlrqv/lvvxhv/frpphqwv{/qxpehu}

INFO:root:Nuestro universo es: ABCDEFGHIJKLMNOPQRSTUVWXYZabcdefghijklmnopqrstuvwxyz1234567890 !?.
INFO:root:Cifrando mensaje...
INFO:root:frqwhqwv_xuo.=.kwwsv://dslCjlwkxeCfrp/uhsrv/dqjprqw/khoor-jlwkxe-dfwlrqv/frqwhqwv/{+sdwk}

INFO:root:Nuestro universo es: ABCDEFGHIJKLMNOPQRSTUVWXYZabcdefghijklmnopqrstuvwxyz1234567890 !?.
INFO:root:Cifrando mensaje...
INFO:root:frpsduh_xuo.=.kwwsv://dslCjlwkxeCfrp/uhsrv/dqjprqw/khoor-jlwkxe-dfwlrqv/frpsduh/{edvh}CCC{khdg}

INFO:root:Nuestro universo es: ABCDEFGHIJKLMNOPQRSTUVWXYZabcdefghijklmnopqrstuvwxyz1234567890 !?.
INFO:root:Cifrando mensaje...
INFO:root:phujhv_xuo.=.kwwsv://dslCjlwkxeCfrp/uhsrv/dqjprqw/khoor-jlwkxe-dfwlrqv/phujhv

INFO:root:Nuestro universo es: ABCDEFGHIJKLMNOPQRSTUVWXYZabcdefghijklmnopqrstuvwxyz1234567890 !?.
INFO:root:Cifrando mensaje...
INFO:root:dufklyh_xuo.=.kwwsv://dslCjlwkxeCfrp/uhsrv/dqjprqw/khoor-jlwkxe-dfwlrqv/{dufklyh_irupdw}{/uhi}

INFO:root:Nuestro universo es: ABCDEFGHIJKLMNOPQRSTUVWXYZabcdefghijklmnopqrstuvwxyz1234567890 !?.
INFO:root:Cifrando mensaje...
INFO:root:grzqordgv_xuo.=.kwwsv://dslCjlwkxeCfrp/uhsrv/dqjprqw/khoor-jlwkxe-dfwlrqv/grzqordgv

INFO:root:Nuestro universo es: ABCDEFGHIJKLMNOPQRSTUVWXYZabcdefghijklmnopqrstuvwxyz1234567890 !?.
INFO:root:Cifrando mensaje...
INFO:root:lvvxhv_xuo.=.kwwsv://dslCjlwkxeCfrp/uhsrv/dqjprqw/khoor-jlwkxe-dfwlrqv/lvvxhv{/qxpehu}

INFO:root:Nuestro universo es: ABCDEFGHIJKLMNOPQRSTUVWXYZabcdefghijklmnopqrstuvwxyz1234567890 !?.
INFO:root:Cifrando mensaje...
INFO:root:sxoov_xuo.=.kwwsv://dslCjlwkxeCfrp/uhsrv/dqjprqw/khoor-jlwkxe-dfwlrqv/sxoov{/qxpehu}

INFO:root:Nuestro universo es: ABCDEFGHIJKLMNOPQRSTUVWXYZabcdefghijklmnopqrstuvwxyz1234567890 !?.
INFO:root:Cifrando mensaje...
INFO:root:plohvwrqhv_xuo.=.kwwsv://dslCjlwkxeCfrp/uhsrv/dqjprqw/khoor-jlwkxe-dfwlrqv/plohvwrqhv{/qxpehu}

INFO:root:Nuestro universo es: ABCDEFGHIJKLMNOPQRSTUVWXYZabcdefghijklmnopqrstuvwxyz1234567890 !?.
INFO:root:Cifrando mensaje...
INFO:root:qrwlilfdwlrqv_xuo.=.kwwsv://dslCjlwkxeCfrp/uhsrv/dqjprqw/khoor-jlwkxe-dfwlrqv/qrwlilfdwlrqv{Bvlqfh,doo,sduwlflsdwlqj}

INFO:root:Nuestro universo es: ABCDEFGHIJKLMNOPQRSTUVWXYZabcdefghijklmnopqrstuvwxyz1234567890 !?.
INFO:root:Cifrando mensaje...
INFO:root:odehov_xuo.=.kwwsv://dslCjlwkxeCfrp/uhsrv/dqjprqw/khoor-jlwkxe-dfwlrqv/odehov{/qdph}

INFO:root:Nuestro universo es: ABCDEFGHIJKLMNOPQRSTUVWXYZabcdefghijklmnopqrstuvwxyz1234567890 !?.
INFO:root:Cifrando mensaje...
INFO:root:uhohdvhv_xuo.=.kwwsv://dslCjlwkxeCfrp/uhsrv/dqjprqw/khoor-jlwkxe-dfwlrqv/uhohdvhv{/lg}

INFO:root:Nuestro universo es: ABCDEFGHIJKLMNOPQRSTUVWXYZabcdefghijklmnopqrstuvwxyz1234567890 !?.
INFO:root:Cifrando mensaje...
INFO:root:ghsor2phqwv_xuo.=.kwwsv://dslCjlwkxeCfrp/uhsrv/dqjprqw/khoor-jlwkxe-dfwlrqv/ghsor2phqwv

INFO:root:Nuestro universo es: ABCDEFGHIJKLMNOPQRSTUVWXYZabcdefghijklmnopqrstuvwxyz1234567890 !?.
INFO:root:Cifrando mensaje...
INFO:root:fuhdwhg_dw.=.5?54-4?-50W5?:68:75c

INFO:root:Nuestro universo es: ABCDEFGHIJKLMNOPQRSTUVWXYZabcdefghijklmnopqrstuvwxyz1234567890 !?.
INFO:root:Cifrando mensaje...
INFO:root:xsgdwhg_dw.=.5?54-4?-50W5?:85:67c

INFO:root:Nuestro universo es: ABCDEFGHIJKLMNOPQRSTUVWXYZabcdefghijklmnopqrstuvwxyz1234567890 !?.
INFO:root:Cifrando mensaje...
INFO:root:sxvkhg_dw.=.5?54-4?-50W5?:85:64c

INFO:root:Nuestro universo es: ABCDEFGHIJKLMNOPQRSTUVWXYZabcdefghijklmnopqrstuvwxyz1234567890 !?.
INFO:root:Cifrando mensaje...
INFO:root:jlw_xuo.=.jlw://jlwkxeCfrp/dqjprqw/khoor-jlwkxe-dfwlrqvCjlw

INFO:root:Nuestro universo es: ABCDEFGHIJKLMNOPQRSTUVWXYZabcdefghijklmnopqrstuvwxyz1234567890 !?.
INFO:root:Cifrando mensaje...
INFO:root:vvk_xuo.=.jlw@jlwkxeCfrp:dqjprqw/khoor-jlwkxe-dfwlrqvCjlw

INFO:root:Nuestro universo es: ABCDEFGHIJKLMNOPQRSTUVWXYZabcdefghijklmnopqrstuvwxyz1234567890 !?.
INFO:root:Cifrando mensaje...
INFO:root:forqh_xuo.=.kwwsv://jlwkxeCfrp/dqjprqw/khoor-jlwkxe-dfwlrqvCjlw

INFO:root:Nuestro universo es: ABCDEFGHIJKLMNOPQRSTUVWXYZabcdefghijklmnopqrstuvwxyz1234567890 !?.
INFO:root:Cifrando mensaje...
INFO:root:vyq_xuo.=.kwwsv://jlwkxeCfrp/dqjprqw/khoor-jlwkxe-dfwlrqv

INFO:root:Nuestro universo es: ABCDEFGHIJKLMNOPQRSTUVWXYZabcdefghijklmnopqrstuvwxyz1234567890 !?.
INFO:root:Cifrando mensaje...
INFO:root:krphsdjh.=.kwwsv://odeCjlwkxeCfrp/jlwkxewudlqlqj/jlwkxe-dfwlrqv:-khoor-zruog

INFO:root:Nuestro universo es: ABCDEFGHIJKLMNOPQRSTUVWXYZabcdefghijklmnopqrstuvwxyz1234567890 !?.
INFO:root:Cifrando mensaje...
INFO:root:vl3h.=.0

INFO:root:Nuestro universo es: ABCDEFGHIJKLMNOPQRSTUVWXYZabcdefghijklmnopqrstuvwxyz1234567890 !?.
INFO:root:Cifrando mensaje...
INFO:root:vwdujd3huv_frxqw.=.?

INFO:root:Nuestro universo es: ABCDEFGHIJKLMNOPQRSTUVWXYZabcdefghijklmnopqrstuvwxyz1234567890 !?.
INFO:root:Cifrando mensaje...
INFO:root:zdwfkhuv_frxqw.=.?

INFO:root:Nuestro universo es: ABCDEFGHIJKLMNOPQRSTUVWXYZabcdefghijklmnopqrstuvwxyz1234567890 !?.
INFO:root:Cifrando mensaje...
INFO:root:odqjxdjh.=.Qrqh

INFO:root:Nuestro universo es: ABCDEFGHIJKLMNOPQRSTUVWXYZabcdefghijklmnopqrstuvwxyz1234567890 !?.
INFO:root:Cifrando mensaje...
INFO:root:kdv_lvvxhv.=.Wuxh

INFO:root:Nuestro universo es: ABCDEFGHIJKLMNOPQRSTUVWXYZabcdefghijklmnopqrstuvwxyz1234567890 !?.
INFO:root:Cifrando mensaje...
INFO:root:kdv_surmhfwv.=.Wuxh

INFO:root:Nuestro universo es: ABCDEFGHIJKLMNOPQRSTUVWXYZabcdefghijklmnopqrstuvwxyz1234567890 !?.
INFO:root:Cifrando mensaje...
INFO:root:kdv_grzqordgv.=.Wuxh

INFO:root:Nuestro universo es: ABCDEFGHIJKLMNOPQRSTUVWXYZabcdefghijklmnopqrstuvwxyz1234567890 !?.
INFO:root:Cifrando mensaje...
INFO:root:kdv_zlnl.=.Wuxh

INFO:root:Nuestro universo es: ABCDEFGHIJKLMNOPQRSTUVWXYZabcdefghijklmnopqrstuvwxyz1234567890 !?.
INFO:root:Cifrando mensaje...
INFO:root:kdv_sdjhv.=.Idovh

INFO:root:Nuestro universo es: ABCDEFGHIJKLMNOPQRSTUVWXYZabcdefghijklmnopqrstuvwxyz1234567890 !?.
INFO:root:Cifrando mensaje...
INFO:root:irunv_frxqw.=.?

INFO:root:Nuestro universo es: ABCDEFGHIJKLMNOPQRSTUVWXYZabcdefghijklmnopqrstuvwxyz1234567890 !?.
INFO:root:Cifrando mensaje...
INFO:root:pluuru_xuo.=.Qrqh

INFO:root:Nuestro universo es: ABCDEFGHIJKLMNOPQRSTUVWXYZabcdefghijklmnopqrstuvwxyz1234567890 !?.
INFO:root:Cifrando mensaje...
INFO:root:dufklyhg.=.Idovh

INFO:root:Nuestro universo es: ABCDEFGHIJKLMNOPQRSTUVWXYZabcdefghijklmnopqrstuvwxyz1234567890 !?.
INFO:root:Cifrando mensaje...
INFO:root:glvdeohg.=.Idovh

INFO:root:Nuestro universo es: ABCDEFGHIJKLMNOPQRSTUVWXYZabcdefghijklmnopqrstuvwxyz1234567890 !?.
INFO:root:Cifrando mensaje...
INFO:root:rshq_lvvxhv_frxqw.=.5

INFO:root:Nuestro universo es: ABCDEFGHIJKLMNOPQRSTUVWXYZabcdefghijklmnopqrstuvwxyz1234567890 !?.
INFO:root:Cifrando mensaje...
INFO:root:olfhqvh.=.{'nh2':.'plw',.'qdph':.'PLW.Olfhqvh',.'vsg1_lg':.'PLW',.'xuo':.'kwwsv://dslCjlwkxeCfrp/olfhqvhv/plw',.'qrgh_lg':.'PGf9WJomcZ83cWH3'}

INFO:root:Nuestro universo es: ABCDEFGHIJKLMNOPQRSTUVWXYZabcdefghijklmnopqrstuvwxyz1234567890 !?.
INFO:root:Cifrando mensaje...
INFO:root:doorz_irunlqj.=.Wuxh

INFO:root:Nuestro universo es: ABCDEFGHIJKLMNOPQRSTUVWXYZabcdefghijklmnopqrstuvwxyz1234567890 !?.
INFO:root:Cifrando mensaje...
INFO:root:lv_whpsodwh.=.Idovh

INFO:root:Nuestro universo es: ABCDEFGHIJKLMNOPQRSTUVWXYZabcdefghijklmnopqrstuvwxyz1234567890 !?.
INFO:root:Cifrando mensaje...
INFO:root:wrslfv.=.[]

INFO:root:Nuestro universo es: ABCDEFGHIJKLMNOPQRSTUVWXYZabcdefghijklmnopqrstuvwxyz1234567890 !?.
INFO:root:Cifrando mensaje...
INFO:root:ylvlelolw2.=.sxeolf

INFO:root:Nuestro universo es: ABCDEFGHIJKLMNOPQRSTUVWXYZabcdefghijklmnopqrstuvwxyz1234567890 !?.
INFO:root:Cifrando mensaje...
INFO:root:irunv.=.?

INFO:root:Nuestro universo es: ABCDEFGHIJKLMNOPQRSTUVWXYZabcdefghijklmnopqrstuvwxyz1234567890 !?.
INFO:root:Cifrando mensaje...
INFO:root:rshq_lvvxhv.=.5

INFO:root:Nuestro universo es: ABCDEFGHIJKLMNOPQRSTUVWXYZabcdefghijklmnopqrstuvwxyz1234567890 !?.
INFO:root:Cifrando mensaje...
INFO:root:zdwfkhuv.=.?

INFO:root:Nuestro universo es: ABCDEFGHIJKLMNOPQRSTUVWXYZabcdefghijklmnopqrstuvwxyz1234567890 !?.
INFO:root:Cifrando mensaje...
INFO:root:ghidxow_eudqfk.=.pdlq

INFO:root:Nuestro universo es: ABCDEFGHIJKLMNOPQRSTUVWXYZabcdefghijklmnopqrstuvwxyz1234567890 !?.
INFO:root:Cifrando mensaje...
INFO:root:Uhsrvlwrulr.5


INFO:root:Nuestro universo es: ABCDEFGHIJKLMNOPQRSTUVWXYZabcdefghijklmnopqrstuvwxyz1234567890 !?.
INFO:root:Cifrando mensaje...
INFO:root:lg.=.7?977? ?!

INFO:root:Nuestro universo es: ABCDEFGHIJKLMNOPQRSTUVWXYZabcdefghijklmnopqrstuvwxyz1234567890 !?.
INFO:root:Cifrando mensaje...
INFO:root:qrgh_lg.=.PGHzRoMofJ!3daUyfqn?PGb?QGD7PGn=

INFO:root:Nuestro universo es: ABCDEFGHIJKLMNOPQRSTUVWXYZabcdefghijklmnopqrstuvwxyz1234567890 !?.
INFO:root:Cifrando mensaje...
INFO:root:qdph.=.SF

INFO:root:Nuestro universo es: ABCDEFGHIJKLMNOPQRSTUVWXYZabcdefghijklmnopqrstuvwxyz1234567890 !?.
INFO:root:Cifrando mensaje...
INFO:root:ixoo_qdph.=.dqjprqw/SF

INFO:root:Nuestro universo es: ABCDEFGHIJKLMNOPQRSTUVWXYZabcdefghijklmnopqrstuvwxyz1234567890 !?.
INFO:root:Cifrando mensaje...
INFO:root:sulydwh.=.Idovh

INFO:root:Nuestro universo es: ABCDEFGHIJKLMNOPQRSTUVWXYZabcdefghijklmnopqrstuvwxyz1234567890 !?.
INFO:root:Cifrando mensaje...
INFO:root:rzqhu.=.{'orjlq':.'dqjprqw',.'lg':.  !600!4,.'qrgh_lg':.'PGT9YaQofmj7RWP6Q3n1',.'dydwdu_xuo':.'kwwsv://dydwduvCjlwkxexvhufrqwhqwCfrp/x/  !600!4By=7',.'judydwdu_lg':.'',.'xuo':.'kwwsv://dslCjlwkxeCfrp/xvhuv/dqjprqw',.'kwpo_xuo':.'kwwsv://jlwkxeCfrp/dqjprqw',.'iroorzhuv_xuo':.'kwwsv://dslCjlwkxeCfrp/xvhuv/dqjprqw/iroorzhuv',.'iroorzlqj_xuo':.'kwwsv://dslCjlwkxeCfrp/xvhuv/dqjprqw/iroorzlqj{/rwkhu_xvhu}',.'jlvwv_xuo':.'kwwsv://dslCjlwkxeCfrp/xvhuv/dqjprqw/jlvwv{/jlvw_lg}',.'vwduuhg_xuo':.'kwwsv://dslCjlwkxeCfrp/xvhuv/dqjprqw/vwduuhg{/rzqhu}{/uhsr}',.'vxevfulswlrqv_xuo':.'kwwsv://dslCjlwkxeCfrp/xvhuv/dqjprqw/vxevfulswlrqv',.'rujdql3dwlrqv_xuo':.'kwwsv://dslCjlwkxeCfrp/xvhuv/dqjprqw/rujv',.'uhsrv_xuo':.'kwwsv://dslCjlwkxeCfrp/xvhuv/dqjprqw/uhsrv',.'hyhqwv_xuo':.'kwwsv://dslCjlwkxeCfrp/xvhuv/dqjprqw/hyhqwv{/sulydf2}',.'uhfhlyhg_hyhqwv_xuo':.'kwwsv://dslCjlwkxeCfrp/xvhuv/dqjprqw/uhfhlyhg_hyhqwv',.'w2sh':.'Xvhu',.'vlwh_dgplq':.Idovh}

INFO:root:Nuestro universo es: ABCDEFGHIJKLMNOPQRSTUVWXYZabcdefghijklmnopqrstuvwxyz1234567890 !?.
INFO:root:Cifrando mensaje...
INFO:root:kwpo_xuo.=.kwwsv://jlwkxeCfrp/dqjprqw/SF

INFO:root:Nuestro universo es: ABCDEFGHIJKLMNOPQRSTUVWXYZabcdefghijklmnopqrstuvwxyz1234567890 !?.
INFO:root:Cifrando mensaje...
INFO:root:ghvfulswlrq.=.Wduhd.hq.htxlsr

INFO:root:Nuestro universo es: ABCDEFGHIJKLMNOPQRSTUVWXYZabcdefghijklmnopqrstuvwxyz1234567890 !?.
INFO:root:Cifrando mensaje...
INFO:root:irun.=.Idovh

INFO:root:Nuestro universo es: ABCDEFGHIJKLMNOPQRSTUVWXYZabcdefghijklmnopqrstuvwxyz1234567890 !?.
INFO:root:Cifrando mensaje...
INFO:root:xuo.=.kwwsv://dslCjlwkxeCfrp/uhsrv/dqjprqw/SF

INFO:root:Nuestro universo es: ABCDEFGHIJKLMNOPQRSTUVWXYZabcdefghijklmnopqrstuvwxyz1234567890 !?.
INFO:root:Cifrando mensaje...
INFO:root:irunv_xuo.=.kwwsv://dslCjlwkxeCfrp/uhsrv/dqjprqw/SF/irunv

INFO:root:Nuestro universo es: ABCDEFGHIJKLMNOPQRSTUVWXYZabcdefghijklmnopqrstuvwxyz1234567890 !?.
INFO:root:Cifrando mensaje...
INFO:root:nh2v_xuo.=.kwwsv://dslCjlwkxeCfrp/uhsrv/dqjprqw/SF/nh2v{/nh2_lg}

INFO:root:Nuestro universo es: ABCDEFGHIJKLMNOPQRSTUVWXYZabcdefghijklmnopqrstuvwxyz1234567890 !?.
INFO:root:Cifrando mensaje...
INFO:root:frooderudwruv_xuo.=.kwwsv://dslCjlwkxeCfrp/uhsrv/dqjprqw/SF/frooderudwruv{/frooderudwru}

INFO:root:Nuestro universo es: ABCDEFGHIJKLMNOPQRSTUVWXYZabcdefghijklmnopqrstuvwxyz1234567890 !?.
INFO:root:Cifrando mensaje...
INFO:root:whdpv_xuo.=.kwwsv://dslCjlwkxeCfrp/uhsrv/dqjprqw/SF/whdpv

INFO:root:Nuestro universo es: ABCDEFGHIJKLMNOPQRSTUVWXYZabcdefghijklmnopqrstuvwxyz1234567890 !?.
INFO:root:Cifrando mensaje...
INFO:root:krrnv_xuo.=.kwwsv://dslCjlwkxeCfrp/uhsrv/dqjprqw/SF/krrnv

INFO:root:Nuestro universo es: ABCDEFGHIJKLMNOPQRSTUVWXYZabcdefghijklmnopqrstuvwxyz1234567890 !?.
INFO:root:Cifrando mensaje...
INFO:root:lvvxh_hyhqwv_xuo.=.kwwsv://dslCjlwkxeCfrp/uhsrv/dqjprqw/SF/lvvxhv/hyhqwv{/qxpehu}

INFO:root:Nuestro universo es: ABCDEFGHIJKLMNOPQRSTUVWXYZabcdefghijklmnopqrstuvwxyz1234567890 !?.
INFO:root:Cifrando mensaje...
INFO:root:hyhqwv_xuo.=.kwwsv://dslCjlwkxeCfrp/uhsrv/dqjprqw/SF/hyhqwv

INFO:root:Nuestro universo es: ABCDEFGHIJKLMNOPQRSTUVWXYZabcdefghijklmnopqrstuvwxyz1234567890 !?.
INFO:root:Cifrando mensaje...
INFO:root:dvvljqhhv_xuo.=.kwwsv://dslCjlwkxeCfrp/uhsrv/dqjprqw/SF/dvvljqhhv{/xvhu}

INFO:root:Nuestro universo es: ABCDEFGHIJKLMNOPQRSTUVWXYZabcdefghijklmnopqrstuvwxyz1234567890 !?.
INFO:root:Cifrando mensaje...
INFO:root:eudqfkhv_xuo.=.kwwsv://dslCjlwkxeCfrp/uhsrv/dqjprqw/SF/eudqfkhv{/eudqfk}

INFO:root:Nuestro universo es: ABCDEFGHIJKLMNOPQRSTUVWXYZabcdefghijklmnopqrstuvwxyz1234567890 !?.
INFO:root:Cifrando mensaje...
INFO:root:wdjv_xuo.=.kwwsv://dslCjlwkxeCfrp/uhsrv/dqjprqw/SF/wdjv

INFO:root:Nuestro universo es: ABCDEFGHIJKLMNOPQRSTUVWXYZabcdefghijklmnopqrstuvwxyz1234567890 !?.
INFO:root:Cifrando mensaje...
INFO:root:eorev_xuo.=.kwwsv://dslCjlwkxeCfrp/uhsrv/dqjprqw/SF/jlw/eorev{/vkd}

INFO:root:Nuestro universo es: ABCDEFGHIJKLMNOPQRSTUVWXYZabcdefghijklmnopqrstuvwxyz1234567890 !?.
INFO:root:Cifrando mensaje...
INFO:root:jlw_wdjv_xuo.=.kwwsv://dslCjlwkxeCfrp/uhsrv/dqjprqw/SF/jlw/wdjv{/vkd}

INFO:root:Nuestro universo es: ABCDEFGHIJKLMNOPQRSTUVWXYZabcdefghijklmnopqrstuvwxyz1234567890 !?.
INFO:root:Cifrando mensaje...
INFO:root:jlw_uhiv_xuo.=.kwwsv://dslCjlwkxeCfrp/uhsrv/dqjprqw/SF/jlw/uhiv{/vkd}

INFO:root:Nuestro universo es: ABCDEFGHIJKLMNOPQRSTUVWXYZabcdefghijklmnopqrstuvwxyz1234567890 !?.
INFO:root:Cifrando mensaje...
INFO:root:wuhhv_xuo.=.kwwsv://dslCjlwkxeCfrp/uhsrv/dqjprqw/SF/jlw/wuhhv{/vkd}

INFO:root:Nuestro universo es: ABCDEFGHIJKLMNOPQRSTUVWXYZabcdefghijklmnopqrstuvwxyz1234567890 !?.
INFO:root:Cifrando mensaje...
INFO:root:vwdwxvhv_xuo.=.kwwsv://dslCjlwkxeCfrp/uhsrv/dqjprqw/SF/vwdwxvhv/{vkd}

INFO:root:Nuestro universo es: ABCDEFGHIJKLMNOPQRSTUVWXYZabcdefghijklmnopqrstuvwxyz1234567890 !?.
INFO:root:Cifrando mensaje...
INFO:root:odqjxdjhv_xuo.=.kwwsv://dslCjlwkxeCfrp/uhsrv/dqjprqw/SF/odqjxdjhv

INFO:root:Nuestro universo es: ABCDEFGHIJKLMNOPQRSTUVWXYZabcdefghijklmnopqrstuvwxyz1234567890 !?.
INFO:root:Cifrando mensaje...
INFO:root:vwdujd3huv_xuo.=.kwwsv://dslCjlwkxeCfrp/uhsrv/dqjprqw/SF/vwdujd3huv

INFO:root:Nuestro universo es: ABCDEFGHIJKLMNOPQRSTUVWXYZabcdefghijklmnopqrstuvwxyz1234567890 !?.
INFO:root:Cifrando mensaje...
INFO:root:frqwulexwruv_xuo.=.kwwsv://dslCjlwkxeCfrp/uhsrv/dqjprqw/SF/frqwulexwruv

INFO:root:Nuestro universo es: ABCDEFGHIJKLMNOPQRSTUVWXYZabcdefghijklmnopqrstuvwxyz1234567890 !?.
INFO:root:Cifrando mensaje...
INFO:root:vxevfulehuv_xuo.=.kwwsv://dslCjlwkxeCfrp/uhsrv/dqjprqw/SF/vxevfulehuv

INFO:root:Nuestro universo es: ABCDEFGHIJKLMNOPQRSTUVWXYZabcdefghijklmnopqrstuvwxyz1234567890 !?.
INFO:root:Cifrando mensaje...
INFO:root:vxevfulswlrq_xuo.=.kwwsv://dslCjlwkxeCfrp/uhsrv/dqjprqw/SF/vxevfulswlrq

INFO:root:Nuestro universo es: ABCDEFGHIJKLMNOPQRSTUVWXYZabcdefghijklmnopqrstuvwxyz1234567890 !?.
INFO:root:Cifrando mensaje...
INFO:root:frpplwv_xuo.=.kwwsv://dslCjlwkxeCfrp/uhsrv/dqjprqw/SF/frpplwv{/vkd}

INFO:root:Nuestro universo es: ABCDEFGHIJKLMNOPQRSTUVWXYZabcdefghijklmnopqrstuvwxyz1234567890 !?.
INFO:root:Cifrando mensaje...
INFO:root:jlw_frpplwv_xuo.=.kwwsv://dslCjlwkxeCfrp/uhsrv/dqjprqw/SF/jlw/frpplwv{/vkd}

INFO:root:Nuestro universo es: ABCDEFGHIJKLMNOPQRSTUVWXYZabcdefghijklmnopqrstuvwxyz1234567890 !?.
INFO:root:Cifrando mensaje...
INFO:root:frpphqwv_xuo.=.kwwsv://dslCjlwkxeCfrp/uhsrv/dqjprqw/SF/frpphqwv{/qxpehu}

INFO:root:Nuestro universo es: ABCDEFGHIJKLMNOPQRSTUVWXYZabcdefghijklmnopqrstuvwxyz1234567890 !?.
INFO:root:Cifrando mensaje...
INFO:root:lvvxh_frpphqw_xuo.=.kwwsv://dslCjlwkxeCfrp/uhsrv/dqjprqw/SF/lvvxhv/frpphqwv{/qxpehu}

INFO:root:Nuestro universo es: ABCDEFGHIJKLMNOPQRSTUVWXYZabcdefghijklmnopqrstuvwxyz1234567890 !?.
INFO:root:Cifrando mensaje...
INFO:root:frqwhqwv_xuo.=.kwwsv://dslCjlwkxeCfrp/uhsrv/dqjprqw/SF/frqwhqwv/{+sdwk}

INFO:root:Nuestro universo es: ABCDEFGHIJKLMNOPQRSTUVWXYZabcdefghijklmnopqrstuvwxyz1234567890 !?.
INFO:root:Cifrando mensaje...
INFO:root:frpsduh_xuo.=.kwwsv://dslCjlwkxeCfrp/uhsrv/dqjprqw/SF/frpsduh/{edvh}CCC{khdg}

INFO:root:Nuestro universo es: ABCDEFGHIJKLMNOPQRSTUVWXYZabcdefghijklmnopqrstuvwxyz1234567890 !?.
INFO:root:Cifrando mensaje...
INFO:root:phujhv_xuo.=.kwwsv://dslCjlwkxeCfrp/uhsrv/dqjprqw/SF/phujhv

INFO:root:Nuestro universo es: ABCDEFGHIJKLMNOPQRSTUVWXYZabcdefghijklmnopqrstuvwxyz1234567890 !?.
INFO:root:Cifrando mensaje...
INFO:root:dufklyh_xuo.=.kwwsv://dslCjlwkxeCfrp/uhsrv/dqjprqw/SF/{dufklyh_irupdw}{/uhi}

INFO:root:Nuestro universo es: ABCDEFGHIJKLMNOPQRSTUVWXYZabcdefghijklmnopqrstuvwxyz1234567890 !?.
INFO:root:Cifrando mensaje...
INFO:root:grzqordgv_xuo.=.kwwsv://dslCjlwkxeCfrp/uhsrv/dqjprqw/SF/grzqordgv

INFO:root:Nuestro universo es: ABCDEFGHIJKLMNOPQRSTUVWXYZabcdefghijklmnopqrstuvwxyz1234567890 !?.
INFO:root:Cifrando mensaje...
INFO:root:lvvxhv_xuo.=.kwwsv://dslCjlwkxeCfrp/uhsrv/dqjprqw/SF/lvvxhv{/qxpehu}

INFO:root:Nuestro universo es: ABCDEFGHIJKLMNOPQRSTUVWXYZabcdefghijklmnopqrstuvwxyz1234567890 !?.
INFO:root:Cifrando mensaje...
INFO:root:sxoov_xuo.=.kwwsv://dslCjlwkxeCfrp/uhsrv/dqjprqw/SF/sxoov{/qxpehu}

INFO:root:Nuestro universo es: ABCDEFGHIJKLMNOPQRSTUVWXYZabcdefghijklmnopqrstuvwxyz1234567890 !?.
INFO:root:Cifrando mensaje...
INFO:root:plohvwrqhv_xuo.=.kwwsv://dslCjlwkxeCfrp/uhsrv/dqjprqw/SF/plohvwrqhv{/qxpehu}

INFO:root:Nuestro universo es: ABCDEFGHIJKLMNOPQRSTUVWXYZabcdefghijklmnopqrstuvwxyz1234567890 !?.
INFO:root:Cifrando mensaje...
INFO:root:qrwlilfdwlrqv_xuo.=.kwwsv://dslCjlwkxeCfrp/uhsrv/dqjprqw/SF/qrwlilfdwlrqv{Bvlqfh,doo,sduwlflsdwlqj}

INFO:root:Nuestro universo es: ABCDEFGHIJKLMNOPQRSTUVWXYZabcdefghijklmnopqrstuvwxyz1234567890 !?.
INFO:root:Cifrando mensaje...
INFO:root:odehov_xuo.=.kwwsv://dslCjlwkxeCfrp/uhsrv/dqjprqw/SF/odehov{/qdph}

INFO:root:Nuestro universo es: ABCDEFGHIJKLMNOPQRSTUVWXYZabcdefghijklmnopqrstuvwxyz1234567890 !?.
INFO:root:Cifrando mensaje...
INFO:root:uhohdvhv_xuo.=.kwwsv://dslCjlwkxeCfrp/uhsrv/dqjprqw/SF/uhohdvhv{/lg}

INFO:root:Nuestro universo es: ABCDEFGHIJKLMNOPQRSTUVWXYZabcdefghijklmnopqrstuvwxyz1234567890 !?.
INFO:root:Cifrando mensaje...
INFO:root:ghsor2phqwv_xuo.=.kwwsv://dslCjlwkxeCfrp/uhsrv/dqjprqw/SF/ghsor2phqwv

INFO:root:Nuestro universo es: ABCDEFGHIJKLMNOPQRSTUVWXYZabcdefghijklmnopqrstuvwxyz1234567890 !?.
INFO:root:Cifrando mensaje...
INFO:root:fuhdwhg_dw.=.5?54-?!-47W49:4!:68c

INFO:root:Nuestro universo es: ABCDEFGHIJKLMNOPQRSTUVWXYZabcdefghijklmnopqrstuvwxyz1234567890 !?.
INFO:root:Cifrando mensaje...
INFO:root:xsgdwhg_dw.=.5?54-?!-47W40:50:79c

INFO:root:Nuestro universo es: ABCDEFGHIJKLMNOPQRSTUVWXYZabcdefghijklmnopqrstuvwxyz1234567890 !?.
INFO:root:Cifrando mensaje...
INFO:root:sxvkhg_dw.=.5?54-?!-47W40:50:76c

INFO:root:Nuestro universo es: ABCDEFGHIJKLMNOPQRSTUVWXYZabcdefghijklmnopqrstuvwxyz1234567890 !?.
INFO:root:Cifrando mensaje...
INFO:root:jlw_xuo.=.jlw://jlwkxeCfrp/dqjprqw/SFCjlw

INFO:root:Nuestro universo es: ABCDEFGHIJKLMNOPQRSTUVWXYZabcdefghijklmnopqrstuvwxyz1234567890 !?.
INFO:root:Cifrando mensaje...
INFO:root:vvk_xuo.=.jlw@jlwkxeCfrp:dqjprqw/SFCjlw

INFO:root:Nuestro universo es: ABCDEFGHIJKLMNOPQRSTUVWXYZabcdefghijklmnopqrstuvwxyz1234567890 !?.
INFO:root:Cifrando mensaje...
INFO:root:forqh_xuo.=.kwwsv://jlwkxeCfrp/dqjprqw/SFCjlw

INFO:root:Nuestro universo es: ABCDEFGHIJKLMNOPQRSTUVWXYZabcdefghijklmnopqrstuvwxyz1234567890 !?.
INFO:root:Cifrando mensaje...
INFO:root:vyq_xuo.=.kwwsv://jlwkxeCfrp/dqjprqw/SF

INFO:root:Nuestro universo es: ABCDEFGHIJKLMNOPQRSTUVWXYZabcdefghijklmnopqrstuvwxyz1234567890 !?.
INFO:root:Cifrando mensaje...
INFO:root:krphsdjh.=.Qrqh

INFO:root:Nuestro universo es: ABCDEFGHIJKLMNOPQRSTUVWXYZabcdefghijklmnopqrstuvwxyz1234567890 !?.
INFO:root:Cifrando mensaje...
INFO:root:vl3h.=.6

INFO:root:Nuestro universo es: ABCDEFGHIJKLMNOPQRSTUVWXYZabcdefghijklmnopqrstuvwxyz1234567890 !?.
INFO:root:Cifrando mensaje...
INFO:root:vwdujd3huv_frxqw.=.?

INFO:root:Nuestro universo es: ABCDEFGHIJKLMNOPQRSTUVWXYZabcdefghijklmnopqrstuvwxyz1234567890 !?.
INFO:root:Cifrando mensaje...
INFO:root:zdwfkhuv_frxqw.=.?

INFO:root:Nuestro universo es: ABCDEFGHIJKLMNOPQRSTUVWXYZabcdefghijklmnopqrstuvwxyz1234567890 !?.
INFO:root:Cifrando mensaje...
INFO:root:odqjxdjh.=.Qrqh

INFO:root:Nuestro universo es: ABCDEFGHIJKLMNOPQRSTUVWXYZabcdefghijklmnopqrstuvwxyz1234567890 !?.
INFO:root:Cifrando mensaje...
INFO:root:kdv_lvvxhv.=.Wuxh

INFO:root:Nuestro universo es: ABCDEFGHIJKLMNOPQRSTUVWXYZabcdefghijklmnopqrstuvwxyz1234567890 !?.
INFO:root:Cifrando mensaje...
INFO:root:kdv_surmhfwv.=.Wuxh

INFO:root:Nuestro universo es: ABCDEFGHIJKLMNOPQRSTUVWXYZabcdefghijklmnopqrstuvwxyz1234567890 !?.
INFO:root:Cifrando mensaje...
INFO:root:kdv_grzqordgv.=.Wuxh

INFO:root:Nuestro universo es: ABCDEFGHIJKLMNOPQRSTUVWXYZabcdefghijklmnopqrstuvwxyz1234567890 !?.
INFO:root:Cifrando mensaje...
INFO:root:kdv_zlnl.=.Wuxh

INFO:root:Nuestro universo es: ABCDEFGHIJKLMNOPQRSTUVWXYZabcdefghijklmnopqrstuvwxyz1234567890 !?.
INFO:root:Cifrando mensaje...
INFO:root:kdv_sdjhv.=.Idovh

INFO:root:Nuestro universo es: ABCDEFGHIJKLMNOPQRSTUVWXYZabcdefghijklmnopqrstuvwxyz1234567890 !?.
INFO:root:Cifrando mensaje...
INFO:root:irunv_frxqw.=.?

INFO:root:Nuestro universo es: ABCDEFGHIJKLMNOPQRSTUVWXYZabcdefghijklmnopqrstuvwxyz1234567890 !?.
INFO:root:Cifrando mensaje...
INFO:root:pluuru_xuo.=.Qrqh

INFO:root:Nuestro universo es: ABCDEFGHIJKLMNOPQRSTUVWXYZabcdefghijklmnopqrstuvwxyz1234567890 !?.
INFO:root:Cifrando mensaje...
INFO:root:dufklyhg.=.Idovh

INFO:root:Nuestro universo es: ABCDEFGHIJKLMNOPQRSTUVWXYZabcdefghijklmnopqrstuvwxyz1234567890 !?.
INFO:root:Cifrando mensaje...
INFO:root:glvdeohg.=.Idovh

INFO:root:Nuestro universo es: ABCDEFGHIJKLMNOPQRSTUVWXYZabcdefghijklmnopqrstuvwxyz1234567890 !?.
INFO:root:Cifrando mensaje...
INFO:root:rshq_lvvxhv_frxqw.=.?

INFO:root:Nuestro universo es: ABCDEFGHIJKLMNOPQRSTUVWXYZabcdefghijklmnopqrstuvwxyz1234567890 !?.
INFO:root:Cifrando mensaje...
INFO:root:olfhqvh.=.Qrqh

INFO:root:Nuestro universo es: ABCDEFGHIJKLMNOPQRSTUVWXYZabcdefghijklmnopqrstuvwxyz1234567890 !?.
INFO:root:Cifrando mensaje...
INFO:root:doorz_irunlqj.=.Wuxh

INFO:root:Nuestro universo es: ABCDEFGHIJKLMNOPQRSTUVWXYZabcdefghijklmnopqrstuvwxyz1234567890 !?.
INFO:root:Cifrando mensaje...
INFO:root:lv_whpsodwh.=.Idovh

INFO:root:Nuestro universo es: ABCDEFGHIJKLMNOPQRSTUVWXYZabcdefghijklmnopqrstuvwxyz1234567890 !?.
INFO:root:Cifrando mensaje...
INFO:root:wrslfv.=.[]

INFO:root:Nuestro universo es: ABCDEFGHIJKLMNOPQRSTUVWXYZabcdefghijklmnopqrstuvwxyz1234567890 !?.
INFO:root:Cifrando mensaje...
INFO:root:ylvlelolw2.=.sxeolf

INFO:root:Nuestro universo es: ABCDEFGHIJKLMNOPQRSTUVWXYZabcdefghijklmnopqrstuvwxyz1234567890 !?.
INFO:root:Cifrando mensaje...
INFO:root:irunv.=.?

INFO:root:Nuestro universo es: ABCDEFGHIJKLMNOPQRSTUVWXYZabcdefghijklmnopqrstuvwxyz1234567890 !?.
INFO:root:Cifrando mensaje...
INFO:root:rshq_lvvxhv.=.?

INFO:root:Nuestro universo es: ABCDEFGHIJKLMNOPQRSTUVWXYZabcdefghijklmnopqrstuvwxyz1234567890 !?.
INFO:root:Cifrando mensaje...
INFO:root:zdwfkhuv.=.?

INFO:root:Nuestro universo es: ABCDEFGHIJKLMNOPQRSTUVWXYZabcdefghijklmnopqrstuvwxyz1234567890 !?.
INFO:root:Cifrando mensaje...
INFO:root:ghidxow_eudqfk.=.pdlq

INFO:root:Nuestro universo es: ABCDEFGHIJKLMNOPQRSTUVWXYZabcdefghijklmnopqrstuvwxyz1234567890 !?.
INFO:root:Cifrando mensaje...
INFO:root:Uhsrvlwrulr.6


INFO:root:Nuestro universo es: ABCDEFGHIJKLMNOPQRSTUVWXYZabcdefghijklmnopqrstuvwxyz1234567890 !?.
INFO:root:Cifrando mensaje...
INFO:root:lg.=.744058905

INFO:root:Nuestro universo es: ABCDEFGHIJKLMNOPQRSTUVWXYZabcdefghijklmnopqrstuvwxyz1234567890 !?.
INFO:root:Cifrando mensaje...
INFO:root:qrgh_lg.=.U_njGRJLsydD

INFO:root:Nuestro universo es: ABCDEFGHIJKLMNOPQRSTUVWXYZabcdefghijklmnopqrstuvwxyz1234567890 !?.
INFO:root:Cifrando mensaje...
INFO:root:qdph.=.SLD_SF

INFO:root:Nuestro universo es: ABCDEFGHIJKLMNOPQRSTUVWXYZabcdefghijklmnopqrstuvwxyz1234567890 !?.
INFO:root:Cifrando mensaje...
INFO:root:ixoo_qdph.=.dqjprqw/SLD_SF

INFO:root:Nuestro universo es: ABCDEFGHIJKLMNOPQRSTUVWXYZabcdefghijklmnopqrstuvwxyz1234567890 !?.
INFO:root:Cifrando mensaje...
INFO:root:sulydwh.=.Idovh

INFO:root:Nuestro universo es: ABCDEFGHIJKLMNOPQRSTUVWXYZabcdefghijklmnopqrstuvwxyz1234567890 !?.
INFO:root:Cifrando mensaje...
INFO:root:rzqhu.=.{'orjlq':.'dqjprqw',.'lg':.  !600!4,.'qrgh_lg':.'PGT9YaQofmj7RWP6Q3n1',.'dydwdu_xuo':.'kwwsv://dydwduvCjlwkxexvhufrqwhqwCfrp/x/  !600!4By=7',.'judydwdu_lg':.'',.'xuo':.'kwwsv://dslCjlwkxeCfrp/xvhuv/dqjprqw',.'kwpo_xuo':.'kwwsv://jlwkxeCfrp/dqjprqw',.'iroorzhuv_xuo':.'kwwsv://dslCjlwkxeCfrp/xvhuv/dqjprqw/iroorzhuv',.'iroorzlqj_xuo':.'kwwsv://dslCjlwkxeCfrp/xvhuv/dqjprqw/iroorzlqj{/rwkhu_xvhu}',.'jlvwv_xuo':.'kwwsv://dslCjlwkxeCfrp/xvhuv/dqjprqw/jlvwv{/jlvw_lg}',.'vwduuhg_xuo':.'kwwsv://dslCjlwkxeCfrp/xvhuv/dqjprqw/vwduuhg{/rzqhu}{/uhsr}',.'vxevfulswlrqv_xuo':.'kwwsv://dslCjlwkxeCfrp/xvhuv/dqjprqw/vxevfulswlrqv',.'rujdql3dwlrqv_xuo':.'kwwsv://dslCjlwkxeCfrp/xvhuv/dqjprqw/rujv',.'uhsrv_xuo':.'kwwsv://dslCjlwkxeCfrp/xvhuv/dqjprqw/uhsrv',.'hyhqwv_xuo':.'kwwsv://dslCjlwkxeCfrp/xvhuv/dqjprqw/hyhqwv{/sulydf2}',.'uhfhlyhg_hyhqwv_xuo':.'kwwsv://dslCjlwkxeCfrp/xvhuv/dqjprqw/uhfhlyhg_hyhqwv',.'w2sh':.'Xvhu',.'vlwh_dgplq':.Idovh}

INFO:root:Nuestro universo es: ABCDEFGHIJKLMNOPQRSTUVWXYZabcdefghijklmnopqrstuvwxyz1234567890 !?.
INFO:root:Cifrando mensaje...
INFO:root:kwpo_xuo.=.kwwsv://jlwkxeCfrp/dqjprqw/SLD_SF

INFO:root:Nuestro universo es: ABCDEFGHIJKLMNOPQRSTUVWXYZabcdefghijklmnopqrstuvwxyz1234567890 !?.
INFO:root:Cifrando mensaje...
INFO:root:ghvfulswlrq.=.Grfxphqwrv.gho.sld

INFO:root:Nuestro universo es: ABCDEFGHIJKLMNOPQRSTUVWXYZabcdefghijklmnopqrstuvwxyz1234567890 !?.
INFO:root:Cifrando mensaje...
INFO:root:irun.=.Idovh

INFO:root:Nuestro universo es: ABCDEFGHIJKLMNOPQRSTUVWXYZabcdefghijklmnopqrstuvwxyz1234567890 !?.
INFO:root:Cifrando mensaje...
INFO:root:xuo.=.kwwsv://dslCjlwkxeCfrp/uhsrv/dqjprqw/SLD_SF

INFO:root:Nuestro universo es: ABCDEFGHIJKLMNOPQRSTUVWXYZabcdefghijklmnopqrstuvwxyz1234567890 !?.
INFO:root:Cifrando mensaje...
INFO:root:irunv_xuo.=.kwwsv://dslCjlwkxeCfrp/uhsrv/dqjprqw/SLD_SF/irunv

INFO:root:Nuestro universo es: ABCDEFGHIJKLMNOPQRSTUVWXYZabcdefghijklmnopqrstuvwxyz1234567890 !?.
INFO:root:Cifrando mensaje...
INFO:root:nh2v_xuo.=.kwwsv://dslCjlwkxeCfrp/uhsrv/dqjprqw/SLD_SF/nh2v{/nh2_lg}

INFO:root:Nuestro universo es: ABCDEFGHIJKLMNOPQRSTUVWXYZabcdefghijklmnopqrstuvwxyz1234567890 !?.
INFO:root:Cifrando mensaje...
INFO:root:frooderudwruv_xuo.=.kwwsv://dslCjlwkxeCfrp/uhsrv/dqjprqw/SLD_SF/frooderudwruv{/frooderudwru}

INFO:root:Nuestro universo es: ABCDEFGHIJKLMNOPQRSTUVWXYZabcdefghijklmnopqrstuvwxyz1234567890 !?.
INFO:root:Cifrando mensaje...
INFO:root:whdpv_xuo.=.kwwsv://dslCjlwkxeCfrp/uhsrv/dqjprqw/SLD_SF/whdpv

INFO:root:Nuestro universo es: ABCDEFGHIJKLMNOPQRSTUVWXYZabcdefghijklmnopqrstuvwxyz1234567890 !?.
INFO:root:Cifrando mensaje...
INFO:root:krrnv_xuo.=.kwwsv://dslCjlwkxeCfrp/uhsrv/dqjprqw/SLD_SF/krrnv

INFO:root:Nuestro universo es: ABCDEFGHIJKLMNOPQRSTUVWXYZabcdefghijklmnopqrstuvwxyz1234567890 !?.
INFO:root:Cifrando mensaje...
INFO:root:lvvxh_hyhqwv_xuo.=.kwwsv://dslCjlwkxeCfrp/uhsrv/dqjprqw/SLD_SF/lvvxhv/hyhqwv{/qxpehu}

INFO:root:Nuestro universo es: ABCDEFGHIJKLMNOPQRSTUVWXYZabcdefghijklmnopqrstuvwxyz1234567890 !?.
INFO:root:Cifrando mensaje...
INFO:root:hyhqwv_xuo.=.kwwsv://dslCjlwkxeCfrp/uhsrv/dqjprqw/SLD_SF/hyhqwv

INFO:root:Nuestro universo es: ABCDEFGHIJKLMNOPQRSTUVWXYZabcdefghijklmnopqrstuvwxyz1234567890 !?.
INFO:root:Cifrando mensaje...
INFO:root:dvvljqhhv_xuo.=.kwwsv://dslCjlwkxeCfrp/uhsrv/dqjprqw/SLD_SF/dvvljqhhv{/xvhu}

INFO:root:Nuestro universo es: ABCDEFGHIJKLMNOPQRSTUVWXYZabcdefghijklmnopqrstuvwxyz1234567890 !?.
INFO:root:Cifrando mensaje...
INFO:root:eudqfkhv_xuo.=.kwwsv://dslCjlwkxeCfrp/uhsrv/dqjprqw/SLD_SF/eudqfkhv{/eudqfk}

INFO:root:Nuestro universo es: ABCDEFGHIJKLMNOPQRSTUVWXYZabcdefghijklmnopqrstuvwxyz1234567890 !?.
INFO:root:Cifrando mensaje...
INFO:root:wdjv_xuo.=.kwwsv://dslCjlwkxeCfrp/uhsrv/dqjprqw/SLD_SF/wdjv

INFO:root:Nuestro universo es: ABCDEFGHIJKLMNOPQRSTUVWXYZabcdefghijklmnopqrstuvwxyz1234567890 !?.
INFO:root:Cifrando mensaje...
INFO:root:eorev_xuo.=.kwwsv://dslCjlwkxeCfrp/uhsrv/dqjprqw/SLD_SF/jlw/eorev{/vkd}

INFO:root:Nuestro universo es: ABCDEFGHIJKLMNOPQRSTUVWXYZabcdefghijklmnopqrstuvwxyz1234567890 !?.
INFO:root:Cifrando mensaje...
INFO:root:jlw_wdjv_xuo.=.kwwsv://dslCjlwkxeCfrp/uhsrv/dqjprqw/SLD_SF/jlw/wdjv{/vkd}

INFO:root:Nuestro universo es: ABCDEFGHIJKLMNOPQRSTUVWXYZabcdefghijklmnopqrstuvwxyz1234567890 !?.
INFO:root:Cifrando mensaje...
INFO:root:jlw_uhiv_xuo.=.kwwsv://dslCjlwkxeCfrp/uhsrv/dqjprqw/SLD_SF/jlw/uhiv{/vkd}

INFO:root:Nuestro universo es: ABCDEFGHIJKLMNOPQRSTUVWXYZabcdefghijklmnopqrstuvwxyz1234567890 !?.
INFO:root:Cifrando mensaje...
INFO:root:wuhhv_xuo.=.kwwsv://dslCjlwkxeCfrp/uhsrv/dqjprqw/SLD_SF/jlw/wuhhv{/vkd}

INFO:root:Nuestro universo es: ABCDEFGHIJKLMNOPQRSTUVWXYZabcdefghijklmnopqrstuvwxyz1234567890 !?.
INFO:root:Cifrando mensaje...
INFO:root:vwdwxvhv_xuo.=.kwwsv://dslCjlwkxeCfrp/uhsrv/dqjprqw/SLD_SF/vwdwxvhv/{vkd}

INFO:root:Nuestro universo es: ABCDEFGHIJKLMNOPQRSTUVWXYZabcdefghijklmnopqrstuvwxyz1234567890 !?.
INFO:root:Cifrando mensaje...
INFO:root:odqjxdjhv_xuo.=.kwwsv://dslCjlwkxeCfrp/uhsrv/dqjprqw/SLD_SF/odqjxdjhv

INFO:root:Nuestro universo es: ABCDEFGHIJKLMNOPQRSTUVWXYZabcdefghijklmnopqrstuvwxyz1234567890 !?.
INFO:root:Cifrando mensaje...
INFO:root:vwdujd3huv_xuo.=.kwwsv://dslCjlwkxeCfrp/uhsrv/dqjprqw/SLD_SF/vwdujd3huv

INFO:root:Nuestro universo es: ABCDEFGHIJKLMNOPQRSTUVWXYZabcdefghijklmnopqrstuvwxyz1234567890 !?.
INFO:root:Cifrando mensaje...
INFO:root:frqwulexwruv_xuo.=.kwwsv://dslCjlwkxeCfrp/uhsrv/dqjprqw/SLD_SF/frqwulexwruv

INFO:root:Nuestro universo es: ABCDEFGHIJKLMNOPQRSTUVWXYZabcdefghijklmnopqrstuvwxyz1234567890 !?.
INFO:root:Cifrando mensaje...
INFO:root:vxevfulehuv_xuo.=.kwwsv://dslCjlwkxeCfrp/uhsrv/dqjprqw/SLD_SF/vxevfulehuv

INFO:root:Nuestro universo es: ABCDEFGHIJKLMNOPQRSTUVWXYZabcdefghijklmnopqrstuvwxyz1234567890 !?.
INFO:root:Cifrando mensaje...
INFO:root:vxevfulswlrq_xuo.=.kwwsv://dslCjlwkxeCfrp/uhsrv/dqjprqw/SLD_SF/vxevfulswlrq

INFO:root:Nuestro universo es: ABCDEFGHIJKLMNOPQRSTUVWXYZabcdefghijklmnopqrstuvwxyz1234567890 !?.
INFO:root:Cifrando mensaje...
INFO:root:frpplwv_xuo.=.kwwsv://dslCjlwkxeCfrp/uhsrv/dqjprqw/SLD_SF/frpplwv{/vkd}

INFO:root:Nuestro universo es: ABCDEFGHIJKLMNOPQRSTUVWXYZabcdefghijklmnopqrstuvwxyz1234567890 !?.
INFO:root:Cifrando mensaje...
INFO:root:jlw_frpplwv_xuo.=.kwwsv://dslCjlwkxeCfrp/uhsrv/dqjprqw/SLD_SF/jlw/frpplwv{/vkd}

INFO:root:Nuestro universo es: ABCDEFGHIJKLMNOPQRSTUVWXYZabcdefghijklmnopqrstuvwxyz1234567890 !?.
INFO:root:Cifrando mensaje...
INFO:root:frpphqwv_xuo.=.kwwsv://dslCjlwkxeCfrp/uhsrv/dqjprqw/SLD_SF/frpphqwv{/qxpehu}

INFO:root:Nuestro universo es: ABCDEFGHIJKLMNOPQRSTUVWXYZabcdefghijklmnopqrstuvwxyz1234567890 !?.
INFO:root:Cifrando mensaje...
INFO:root:lvvxh_frpphqw_xuo.=.kwwsv://dslCjlwkxeCfrp/uhsrv/dqjprqw/SLD_SF/lvvxhv/frpphqwv{/qxpehu}

INFO:root:Nuestro universo es: ABCDEFGHIJKLMNOPQRSTUVWXYZabcdefghijklmnopqrstuvwxyz1234567890 !?.
INFO:root:Cifrando mensaje...
INFO:root:frqwhqwv_xuo.=.kwwsv://dslCjlwkxeCfrp/uhsrv/dqjprqw/SLD_SF/frqwhqwv/{+sdwk}

INFO:root:Nuestro universo es: ABCDEFGHIJKLMNOPQRSTUVWXYZabcdefghijklmnopqrstuvwxyz1234567890 !?.
INFO:root:Cifrando mensaje...
INFO:root:frpsduh_xuo.=.kwwsv://dslCjlwkxeCfrp/uhsrv/dqjprqw/SLD_SF/frpsduh/{edvh}CCC{khdg}

INFO:root:Nuestro universo es: ABCDEFGHIJKLMNOPQRSTUVWXYZabcdefghijklmnopqrstuvwxyz1234567890 !?.
INFO:root:Cifrando mensaje...
INFO:root:phujhv_xuo.=.kwwsv://dslCjlwkxeCfrp/uhsrv/dqjprqw/SLD_SF/phujhv

INFO:root:Nuestro universo es: ABCDEFGHIJKLMNOPQRSTUVWXYZabcdefghijklmnopqrstuvwxyz1234567890 !?.
INFO:root:Cifrando mensaje...
INFO:root:dufklyh_xuo.=.kwwsv://dslCjlwkxeCfrp/uhsrv/dqjprqw/SLD_SF/{dufklyh_irupdw}{/uhi}

INFO:root:Nuestro universo es: ABCDEFGHIJKLMNOPQRSTUVWXYZabcdefghijklmnopqrstuvwxyz1234567890 !?.
INFO:root:Cifrando mensaje...
INFO:root:grzqordgv_xuo.=.kwwsv://dslCjlwkxeCfrp/uhsrv/dqjprqw/SLD_SF/grzqordgv

INFO:root:Nuestro universo es: ABCDEFGHIJKLMNOPQRSTUVWXYZabcdefghijklmnopqrstuvwxyz1234567890 !?.
INFO:root:Cifrando mensaje...
INFO:root:lvvxhv_xuo.=.kwwsv://dslCjlwkxeCfrp/uhsrv/dqjprqw/SLD_SF/lvvxhv{/qxpehu}

INFO:root:Nuestro universo es: ABCDEFGHIJKLMNOPQRSTUVWXYZabcdefghijklmnopqrstuvwxyz1234567890 !?.
INFO:root:Cifrando mensaje...
INFO:root:sxoov_xuo.=.kwwsv://dslCjlwkxeCfrp/uhsrv/dqjprqw/SLD_SF/sxoov{/qxpehu}

INFO:root:Nuestro universo es: ABCDEFGHIJKLMNOPQRSTUVWXYZabcdefghijklmnopqrstuvwxyz1234567890 !?.
INFO:root:Cifrando mensaje...
INFO:root:plohvwrqhv_xuo.=.kwwsv://dslCjlwkxeCfrp/uhsrv/dqjprqw/SLD_SF/plohvwrqhv{/qxpehu}

INFO:root:Nuestro universo es: ABCDEFGHIJKLMNOPQRSTUVWXYZabcdefghijklmnopqrstuvwxyz1234567890 !?.
INFO:root:Cifrando mensaje...
INFO:root:qrwlilfdwlrqv_xuo.=.kwwsv://dslCjlwkxeCfrp/uhsrv/dqjprqw/SLD_SF/qrwlilfdwlrqv{Bvlqfh,doo,sduwlflsdwlqj}

INFO:root:Nuestro universo es: ABCDEFGHIJKLMNOPQRSTUVWXYZabcdefghijklmnopqrstuvwxyz1234567890 !?.
INFO:root:Cifrando mensaje...
INFO:root:odehov_xuo.=.kwwsv://dslCjlwkxeCfrp/uhsrv/dqjprqw/SLD_SF/odehov{/qdph}

INFO:root:Nuestro universo es: ABCDEFGHIJKLMNOPQRSTUVWXYZabcdefghijklmnopqrstuvwxyz1234567890 !?.
INFO:root:Cifrando mensaje...
INFO:root:uhohdvhv_xuo.=.kwwsv://dslCjlwkxeCfrp/uhsrv/dqjprqw/SLD_SF/uhohdvhv{/lg}

INFO:root:Nuestro universo es: ABCDEFGHIJKLMNOPQRSTUVWXYZabcdefghijklmnopqrstuvwxyz1234567890 !?.
INFO:root:Cifrando mensaje...
INFO:root:ghsor2phqwv_xuo.=.kwwsv://dslCjlwkxeCfrp/uhsrv/dqjprqw/SLD_SF/ghsor2phqwv

INFO:root:Nuestro universo es: ABCDEFGHIJKLMNOPQRSTUVWXYZabcdefghijklmnopqrstuvwxyz1234567890 !?.
INFO:root:Cifrando mensaje...
INFO:root:fuhdwhg_dw.=.5?54-?!-5!W48:4 :55c

INFO:root:Nuestro universo es: ABCDEFGHIJKLMNOPQRSTUVWXYZabcdefghijklmnopqrstuvwxyz1234567890 !?.
INFO:root:Cifrando mensaje...
INFO:root:xsgdwhg_dw.=.5?54-44-46W?6:55:46c

INFO:root:Nuestro universo es: ABCDEFGHIJKLMNOPQRSTUVWXYZabcdefghijklmnopqrstuvwxyz1234567890 !?.
INFO:root:Cifrando mensaje...
INFO:root:sxvkhg_dw.=.5?54-44-46W?6:55:4?c

INFO:root:Nuestro universo es: ABCDEFGHIJKLMNOPQRSTUVWXYZabcdefghijklmnopqrstuvwxyz1234567890 !?.
INFO:root:Cifrando mensaje...
INFO:root:jlw_xuo.=.jlw://jlwkxeCfrp/dqjprqw/SLD_SFCjlw

INFO:root:Nuestro universo es: ABCDEFGHIJKLMNOPQRSTUVWXYZabcdefghijklmnopqrstuvwxyz1234567890 !?.
INFO:root:Cifrando mensaje...
INFO:root:vvk_xuo.=.jlw@jlwkxeCfrp:dqjprqw/SLD_SFCjlw

INFO:root:Nuestro universo es: ABCDEFGHIJKLMNOPQRSTUVWXYZabcdefghijklmnopqrstuvwxyz1234567890 !?.
INFO:root:Cifrando mensaje...
INFO:root:forqh_xuo.=.kwwsv://jlwkxeCfrp/dqjprqw/SLD_SFCjlw

INFO:root:Nuestro universo es: ABCDEFGHIJKLMNOPQRSTUVWXYZabcdefghijklmnopqrstuvwxyz1234567890 !?.
INFO:root:Cifrando mensaje...
INFO:root:vyq_xuo.=.kwwsv://jlwkxeCfrp/dqjprqw/SLD_SF

INFO:root:Nuestro universo es: ABCDEFGHIJKLMNOPQRSTUVWXYZabcdefghijklmnopqrstuvwxyz1234567890 !?.
INFO:root:Cifrando mensaje...
INFO:root:krphsdjh.=.Qrqh

INFO:root:Nuestro universo es: ABCDEFGHIJKLMNOPQRSTUVWXYZabcdefghijklmnopqrstuvwxyz1234567890 !?.
INFO:root:Cifrando mensaje...
INFO:root:vl3h.=.54 97

INFO:root:Nuestro universo es: ABCDEFGHIJKLMNOPQRSTUVWXYZabcdefghijklmnopqrstuvwxyz1234567890 !?.
INFO:root:Cifrando mensaje...
INFO:root:vwdujd3huv_frxqw.=.?

INFO:root:Nuestro universo es: ABCDEFGHIJKLMNOPQRSTUVWXYZabcdefghijklmnopqrstuvwxyz1234567890 !?.
INFO:root:Cifrando mensaje...
INFO:root:zdwfkhuv_frxqw.=.?

INFO:root:Nuestro universo es: ABCDEFGHIJKLMNOPQRSTUVWXYZabcdefghijklmnopqrstuvwxyz1234567890 !?.
INFO:root:Cifrando mensaje...
INFO:root:odqjxdjh.=.S2wkrq

INFO:root:Nuestro universo es: ABCDEFGHIJKLMNOPQRSTUVWXYZabcdefghijklmnopqrstuvwxyz1234567890 !?.
INFO:root:Cifrando mensaje...
INFO:root:kdv_lvvxhv.=.Wuxh

INFO:root:Nuestro universo es: ABCDEFGHIJKLMNOPQRSTUVWXYZabcdefghijklmnopqrstuvwxyz1234567890 !?.
INFO:root:Cifrando mensaje...
INFO:root:kdv_surmhfwv.=.Wuxh

INFO:root:Nuestro universo es: ABCDEFGHIJKLMNOPQRSTUVWXYZabcdefghijklmnopqrstuvwxyz1234567890 !?.
INFO:root:Cifrando mensaje...
INFO:root:kdv_grzqordgv.=.Wuxh

INFO:root:Nuestro universo es: ABCDEFGHIJKLMNOPQRSTUVWXYZabcdefghijklmnopqrstuvwxyz1234567890 !?.
INFO:root:Cifrando mensaje...
INFO:root:kdv_zlnl.=.Wuxh

INFO:root:Nuestro universo es: ABCDEFGHIJKLMNOPQRSTUVWXYZabcdefghijklmnopqrstuvwxyz1234567890 !?.
INFO:root:Cifrando mensaje...
INFO:root:kdv_sdjhv.=.Idovh

INFO:root:Nuestro universo es: ABCDEFGHIJKLMNOPQRSTUVWXYZabcdefghijklmnopqrstuvwxyz1234567890 !?.
INFO:root:Cifrando mensaje...
INFO:root:irunv_frxqw.=.?

INFO:root:Nuestro universo es: ABCDEFGHIJKLMNOPQRSTUVWXYZabcdefghijklmnopqrstuvwxyz1234567890 !?.
INFO:root:Cifrando mensaje...
INFO:root:pluuru_xuo.=.Qrqh

INFO:root:Nuestro universo es: ABCDEFGHIJKLMNOPQRSTUVWXYZabcdefghijklmnopqrstuvwxyz1234567890 !?.
INFO:root:Cifrando mensaje...
INFO:root:dufklyhg.=.Idovh

INFO:root:Nuestro universo es: ABCDEFGHIJKLMNOPQRSTUVWXYZabcdefghijklmnopqrstuvwxyz1234567890 !?.
INFO:root:Cifrando mensaje...
INFO:root:glvdeohg.=.Idovh

INFO:root:Nuestro universo es: ABCDEFGHIJKLMNOPQRSTUVWXYZabcdefghijklmnopqrstuvwxyz1234567890 !?.
INFO:root:Cifrando mensaje...
INFO:root:rshq_lvvxhv_frxqw.=.?

INFO:root:Nuestro universo es: ABCDEFGHIJKLMNOPQRSTUVWXYZabcdefghijklmnopqrstuvwxyz1234567890 !?.
INFO:root:Cifrando mensaje...
INFO:root:olfhqvh.=.{'nh2':.'plw',.'qdph':.'PLW.Olfhqvh',.'vsg1_lg':.'PLW',.'xuo':.'kwwsv://dslCjlwkxeCfrp/olfhqvhv/plw',.'qrgh_lg':.'PGf9WJomcZ83cWH3'}

INFO:root:Nuestro universo es: ABCDEFGHIJKLMNOPQRSTUVWXYZabcdefghijklmnopqrstuvwxyz1234567890 !?.
INFO:root:Cifrando mensaje...
INFO:root:doorz_irunlqj.=.Wuxh

INFO:root:Nuestro universo es: ABCDEFGHIJKLMNOPQRSTUVWXYZabcdefghijklmnopqrstuvwxyz1234567890 !?.
INFO:root:Cifrando mensaje...
INFO:root:lv_whpsodwh.=.Idovh

INFO:root:Nuestro universo es: ABCDEFGHIJKLMNOPQRSTUVWXYZabcdefghijklmnopqrstuvwxyz1234567890 !?.
INFO:root:Cifrando mensaje...
INFO:root:wrslfv.=.[]

INFO:root:Nuestro universo es: ABCDEFGHIJKLMNOPQRSTUVWXYZabcdefghijklmnopqrstuvwxyz1234567890 !?.
INFO:root:Cifrando mensaje...
INFO:root:ylvlelolw2.=.sxeolf

INFO:root:Nuestro universo es: ABCDEFGHIJKLMNOPQRSTUVWXYZabcdefghijklmnopqrstuvwxyz1234567890 !?.
INFO:root:Cifrando mensaje...
INFO:root:irunv.=.?

INFO:root:Nuestro universo es: ABCDEFGHIJKLMNOPQRSTUVWXYZabcdefghijklmnopqrstuvwxyz1234567890 !?.
INFO:root:Cifrando mensaje...
INFO:root:rshq_lvvxhv.=.?

INFO:root:Nuestro universo es: ABCDEFGHIJKLMNOPQRSTUVWXYZabcdefghijklmnopqrstuvwxyz1234567890 !?.
INFO:root:Cifrando mensaje...
INFO:root:zdwfkhuv.=.?

INFO:root:Nuestro universo es: ABCDEFGHIJKLMNOPQRSTUVWXYZabcdefghijklmnopqrstuvwxyz1234567890 !?.
INFO:root:Cifrando mensaje...
INFO:root:ghidxow_eudqfk.=.pdlq

INFO:root:Nuestro universo es: ABCDEFGHIJKLMNOPQRSTUVWXYZabcdefghijklmnopqrstuvwxyz1234567890 !?.
INFO:root:Cifrando mensaje...
INFO:root:Uhsrvlwrulr.7


INFO:root:Nuestro universo es: ABCDEFGHIJKLMNOPQRSTUVWXYZabcdefghijklmnopqrstuvwxyz1234567890 !?.
INFO:root:Cifrando mensaje...
INFO:root:lg.=.757? 6?!4

INFO:root:Nuestro universo es: ABCDEFGHIJKLMNOPQRSTUVWXYZabcdefghijklmnopqrstuvwxyz1234567890 !?.
INFO:root:Cifrando mensaje...
INFO:root:qrgh_lg.=.U_njGRJXe-nz

INFO:root:Nuestro universo es: ABCDEFGHIJKLMNOPQRSTUVWXYZabcdefghijklmnopqrstuvwxyz1234567890 !?.
INFO:root:Cifrando mensaje...
INFO:root:qdph.=.Sruwdirolr_SF

INFO:root:Nuestro universo es: ABCDEFGHIJKLMNOPQRSTUVWXYZabcdefghijklmnopqrstuvwxyz1234567890 !?.
INFO:root:Cifrando mensaje...
INFO:root:ixoo_qdph.=.dqjprqw/Sruwdirolr_SF

INFO:root:Nuestro universo es: ABCDEFGHIJKLMNOPQRSTUVWXYZabcdefghijklmnopqrstuvwxyz1234567890 !?.
INFO:root:Cifrando mensaje...
INFO:root:sulydwh.=.Idovh

INFO:root:Nuestro universo es: ABCDEFGHIJKLMNOPQRSTUVWXYZabcdefghijklmnopqrstuvwxyz1234567890 !?.
INFO:root:Cifrando mensaje...
INFO:root:rzqhu.=.{'orjlq':.'dqjprqw',.'lg':.  !600!4,.'qrgh_lg':.'PGT9YaQofmj7RWP6Q3n1',.'dydwdu_xuo':.'kwwsv://dydwduvCjlwkxexvhufrqwhqwCfrp/x/  !600!4By=7',.'judydwdu_lg':.'',.'xuo':.'kwwsv://dslCjlwkxeCfrp/xvhuv/dqjprqw',.'kwpo_xuo':.'kwwsv://jlwkxeCfrp/dqjprqw',.'iroorzhuv_xuo':.'kwwsv://dslCjlwkxeCfrp/xvhuv/dqjprqw/iroorzhuv',.'iroorzlqj_xuo':.'kwwsv://dslCjlwkxeCfrp/xvhuv/dqjprqw/iroorzlqj{/rwkhu_xvhu}',.'jlvwv_xuo':.'kwwsv://dslCjlwkxeCfrp/xvhuv/dqjprqw/jlvwv{/jlvw_lg}',.'vwduuhg_xuo':.'kwwsv://dslCjlwkxeCfrp/xvhuv/dqjprqw/vwduuhg{/rzqhu}{/uhsr}',.'vxevfulswlrqv_xuo':.'kwwsv://dslCjlwkxeCfrp/xvhuv/dqjprqw/vxevfulswlrqv',.'rujdql3dwlrqv_xuo':.'kwwsv://dslCjlwkxeCfrp/xvhuv/dqjprqw/rujv',.'uhsrv_xuo':.'kwwsv://dslCjlwkxeCfrp/xvhuv/dqjprqw/uhsrv',.'hyhqwv_xuo':.'kwwsv://dslCjlwkxeCfrp/xvhuv/dqjprqw/hyhqwv{/sulydf2}',.'uhfhlyhg_hyhqwv_xuo':.'kwwsv://dslCjlwkxeCfrp/xvhuv/dqjprqw/uhfhlyhg_hyhqwv',.'w2sh':.'Xvhu',.'vlwh_dgplq':.Idovh}

INFO:root:Nuestro universo es: ABCDEFGHIJKLMNOPQRSTUVWXYZabcdefghijklmnopqrstuvwxyz1234567890 !?.
INFO:root:Cifrando mensaje...
INFO:root:kwpo_xuo.=.kwwsv://jlwkxeCfrp/dqjprqw/Sruwdirolr_SF

INFO:root:Nuestro universo es: ABCDEFGHIJKLMNOPQRSTUVWXYZabcdefghijklmnopqrstuvwxyz1234567890 !?.
INFO:root:Cifrando mensaje...
INFO:root:ghvfulswlrq.=.Hylghqfldv.uhdol3dgdv.gxudqwh.ho.vhphvwh

INFO:root:Nuestro universo es: ABCDEFGHIJKLMNOPQRSTUVWXYZabcdefghijklmnopqrstuvwxyz1234567890 !?.
INFO:root:Cifrando mensaje...
INFO:root:irun.=.Idovh

INFO:root:Nuestro universo es: ABCDEFGHIJKLMNOPQRSTUVWXYZabcdefghijklmnopqrstuvwxyz1234567890 !?.
INFO:root:Cifrando mensaje...
INFO:root:xuo.=.kwwsv://dslCjlwkxeCfrp/uhsrv/dqjprqw/Sruwdirolr_SF

INFO:root:Nuestro universo es: ABCDEFGHIJKLMNOPQRSTUVWXYZabcdefghijklmnopqrstuvwxyz1234567890 !?.
INFO:root:Cifrando mensaje...
INFO:root:irunv_xuo.=.kwwsv://dslCjlwkxeCfrp/uhsrv/dqjprqw/Sruwdirolr_SF/irunv

INFO:root:Nuestro universo es: ABCDEFGHIJKLMNOPQRSTUVWXYZabcdefghijklmnopqrstuvwxyz1234567890 !?.
INFO:root:Cifrando mensaje...
INFO:root:nh2v_xuo.=.kwwsv://dslCjlwkxeCfrp/uhsrv/dqjprqw/Sruwdirolr_SF/nh2v{/nh2_lg}

INFO:root:Nuestro universo es: ABCDEFGHIJKLMNOPQRSTUVWXYZabcdefghijklmnopqrstuvwxyz1234567890 !?.
INFO:root:Cifrando mensaje...
INFO:root:frooderudwruv_xuo.=.kwwsv://dslCjlwkxeCfrp/uhsrv/dqjprqw/Sruwdirolr_SF/frooderudwruv{/frooderudwru}

INFO:root:Nuestro universo es: ABCDEFGHIJKLMNOPQRSTUVWXYZabcdefghijklmnopqrstuvwxyz1234567890 !?.
INFO:root:Cifrando mensaje...
INFO:root:whdpv_xuo.=.kwwsv://dslCjlwkxeCfrp/uhsrv/dqjprqw/Sruwdirolr_SF/whdpv

INFO:root:Nuestro universo es: ABCDEFGHIJKLMNOPQRSTUVWXYZabcdefghijklmnopqrstuvwxyz1234567890 !?.
INFO:root:Cifrando mensaje...
INFO:root:krrnv_xuo.=.kwwsv://dslCjlwkxeCfrp/uhsrv/dqjprqw/Sruwdirolr_SF/krrnv

INFO:root:Nuestro universo es: ABCDEFGHIJKLMNOPQRSTUVWXYZabcdefghijklmnopqrstuvwxyz1234567890 !?.
INFO:root:Cifrando mensaje...
INFO:root:lvvxh_hyhqwv_xuo.=.kwwsv://dslCjlwkxeCfrp/uhsrv/dqjprqw/Sruwdirolr_SF/lvvxhv/hyhqwv{/qxpehu}

INFO:root:Nuestro universo es: ABCDEFGHIJKLMNOPQRSTUVWXYZabcdefghijklmnopqrstuvwxyz1234567890 !?.
INFO:root:Cifrando mensaje...
INFO:root:hyhqwv_xuo.=.kwwsv://dslCjlwkxeCfrp/uhsrv/dqjprqw/Sruwdirolr_SF/hyhqwv

INFO:root:Nuestro universo es: ABCDEFGHIJKLMNOPQRSTUVWXYZabcdefghijklmnopqrstuvwxyz1234567890 !?.
INFO:root:Cifrando mensaje...
INFO:root:dvvljqhhv_xuo.=.kwwsv://dslCjlwkxeCfrp/uhsrv/dqjprqw/Sruwdirolr_SF/dvvljqhhv{/xvhu}

INFO:root:Nuestro universo es: ABCDEFGHIJKLMNOPQRSTUVWXYZabcdefghijklmnopqrstuvwxyz1234567890 !?.
INFO:root:Cifrando mensaje...
INFO:root:eudqfkhv_xuo.=.kwwsv://dslCjlwkxeCfrp/uhsrv/dqjprqw/Sruwdirolr_SF/eudqfkhv{/eudqfk}

INFO:root:Nuestro universo es: ABCDEFGHIJKLMNOPQRSTUVWXYZabcdefghijklmnopqrstuvwxyz1234567890 !?.
INFO:root:Cifrando mensaje...
INFO:root:wdjv_xuo.=.kwwsv://dslCjlwkxeCfrp/uhsrv/dqjprqw/Sruwdirolr_SF/wdjv

INFO:root:Nuestro universo es: ABCDEFGHIJKLMNOPQRSTUVWXYZabcdefghijklmnopqrstuvwxyz1234567890 !?.
INFO:root:Cifrando mensaje...
INFO:root:eorev_xuo.=.kwwsv://dslCjlwkxeCfrp/uhsrv/dqjprqw/Sruwdirolr_SF/jlw/eorev{/vkd}

INFO:root:Nuestro universo es: ABCDEFGHIJKLMNOPQRSTUVWXYZabcdefghijklmnopqrstuvwxyz1234567890 !?.
INFO:root:Cifrando mensaje...
INFO:root:jlw_wdjv_xuo.=.kwwsv://dslCjlwkxeCfrp/uhsrv/dqjprqw/Sruwdirolr_SF/jlw/wdjv{/vkd}

INFO:root:Nuestro universo es: ABCDEFGHIJKLMNOPQRSTUVWXYZabcdefghijklmnopqrstuvwxyz1234567890 !?.
INFO:root:Cifrando mensaje...
INFO:root:jlw_uhiv_xuo.=.kwwsv://dslCjlwkxeCfrp/uhsrv/dqjprqw/Sruwdirolr_SF/jlw/uhiv{/vkd}

INFO:root:Nuestro universo es: ABCDEFGHIJKLMNOPQRSTUVWXYZabcdefghijklmnopqrstuvwxyz1234567890 !?.
INFO:root:Cifrando mensaje...
INFO:root:wuhhv_xuo.=.kwwsv://dslCjlwkxeCfrp/uhsrv/dqjprqw/Sruwdirolr_SF/jlw/wuhhv{/vkd}

INFO:root:Nuestro universo es: ABCDEFGHIJKLMNOPQRSTUVWXYZabcdefghijklmnopqrstuvwxyz1234567890 !?.
INFO:root:Cifrando mensaje...
INFO:root:vwdwxvhv_xuo.=.kwwsv://dslCjlwkxeCfrp/uhsrv/dqjprqw/Sruwdirolr_SF/vwdwxvhv/{vkd}

INFO:root:Nuestro universo es: ABCDEFGHIJKLMNOPQRSTUVWXYZabcdefghijklmnopqrstuvwxyz1234567890 !?.
INFO:root:Cifrando mensaje...
INFO:root:odqjxdjhv_xuo.=.kwwsv://dslCjlwkxeCfrp/uhsrv/dqjprqw/Sruwdirolr_SF/odqjxdjhv

INFO:root:Nuestro universo es: ABCDEFGHIJKLMNOPQRSTUVWXYZabcdefghijklmnopqrstuvwxyz1234567890 !?.
INFO:root:Cifrando mensaje...
INFO:root:vwdujd3huv_xuo.=.kwwsv://dslCjlwkxeCfrp/uhsrv/dqjprqw/Sruwdirolr_SF/vwdujd3huv

INFO:root:Nuestro universo es: ABCDEFGHIJKLMNOPQRSTUVWXYZabcdefghijklmnopqrstuvwxyz1234567890 !?.
INFO:root:Cifrando mensaje...
INFO:root:frqwulexwruv_xuo.=.kwwsv://dslCjlwkxeCfrp/uhsrv/dqjprqw/Sruwdirolr_SF/frqwulexwruv

INFO:root:Nuestro universo es: ABCDEFGHIJKLMNOPQRSTUVWXYZabcdefghijklmnopqrstuvwxyz1234567890 !?.
INFO:root:Cifrando mensaje...
INFO:root:vxevfulehuv_xuo.=.kwwsv://dslCjlwkxeCfrp/uhsrv/dqjprqw/Sruwdirolr_SF/vxevfulehuv

INFO:root:Nuestro universo es: ABCDEFGHIJKLMNOPQRSTUVWXYZabcdefghijklmnopqrstuvwxyz1234567890 !?.
INFO:root:Cifrando mensaje...
INFO:root:vxevfulswlrq_xuo.=.kwwsv://dslCjlwkxeCfrp/uhsrv/dqjprqw/Sruwdirolr_SF/vxevfulswlrq

INFO:root:Nuestro universo es: ABCDEFGHIJKLMNOPQRSTUVWXYZabcdefghijklmnopqrstuvwxyz1234567890 !?.
INFO:root:Cifrando mensaje...
INFO:root:frpplwv_xuo.=.kwwsv://dslCjlwkxeCfrp/uhsrv/dqjprqw/Sruwdirolr_SF/frpplwv{/vkd}

INFO:root:Nuestro universo es: ABCDEFGHIJKLMNOPQRSTUVWXYZabcdefghijklmnopqrstuvwxyz1234567890 !?.
INFO:root:Cifrando mensaje...
INFO:root:jlw_frpplwv_xuo.=.kwwsv://dslCjlwkxeCfrp/uhsrv/dqjprqw/Sruwdirolr_SF/jlw/frpplwv{/vkd}

INFO:root:Nuestro universo es: ABCDEFGHIJKLMNOPQRSTUVWXYZabcdefghijklmnopqrstuvwxyz1234567890 !?.
INFO:root:Cifrando mensaje...
INFO:root:frpphqwv_xuo.=.kwwsv://dslCjlwkxeCfrp/uhsrv/dqjprqw/Sruwdirolr_SF/frpphqwv{/qxpehu}

INFO:root:Nuestro universo es: ABCDEFGHIJKLMNOPQRSTUVWXYZabcdefghijklmnopqrstuvwxyz1234567890 !?.
INFO:root:Cifrando mensaje...
INFO:root:lvvxh_frpphqw_xuo.=.kwwsv://dslCjlwkxeCfrp/uhsrv/dqjprqw/Sruwdirolr_SF/lvvxhv/frpphqwv{/qxpehu}

INFO:root:Nuestro universo es: ABCDEFGHIJKLMNOPQRSTUVWXYZabcdefghijklmnopqrstuvwxyz1234567890 !?.
INFO:root:Cifrando mensaje...
INFO:root:frqwhqwv_xuo.=.kwwsv://dslCjlwkxeCfrp/uhsrv/dqjprqw/Sruwdirolr_SF/frqwhqwv/{+sdwk}

INFO:root:Nuestro universo es: ABCDEFGHIJKLMNOPQRSTUVWXYZabcdefghijklmnopqrstuvwxyz1234567890 !?.
INFO:root:Cifrando mensaje...
INFO:root:frpsduh_xuo.=.kwwsv://dslCjlwkxeCfrp/uhsrv/dqjprqw/Sruwdirolr_SF/frpsduh/{edvh}CCC{khdg}

INFO:root:Nuestro universo es: ABCDEFGHIJKLMNOPQRSTUVWXYZabcdefghijklmnopqrstuvwxyz1234567890 !?.
INFO:root:Cifrando mensaje...
INFO:root:phujhv_xuo.=.kwwsv://dslCjlwkxeCfrp/uhsrv/dqjprqw/Sruwdirolr_SF/phujhv

INFO:root:Nuestro universo es: ABCDEFGHIJKLMNOPQRSTUVWXYZabcdefghijklmnopqrstuvwxyz1234567890 !?.
INFO:root:Cifrando mensaje...
INFO:root:dufklyh_xuo.=.kwwsv://dslCjlwkxeCfrp/uhsrv/dqjprqw/Sruwdirolr_SF/{dufklyh_irupdw}{/uhi}

INFO:root:Nuestro universo es: ABCDEFGHIJKLMNOPQRSTUVWXYZabcdefghijklmnopqrstuvwxyz1234567890 !?.
INFO:root:Cifrando mensaje...
INFO:root:grzqordgv_xuo.=.kwwsv://dslCjlwkxeCfrp/uhsrv/dqjprqw/Sruwdirolr_SF/grzqordgv

INFO:root:Nuestro universo es: ABCDEFGHIJKLMNOPQRSTUVWXYZabcdefghijklmnopqrstuvwxyz1234567890 !?.
INFO:root:Cifrando mensaje...
INFO:root:lvvxhv_xuo.=.kwwsv://dslCjlwkxeCfrp/uhsrv/dqjprqw/Sruwdirolr_SF/lvvxhv{/qxpehu}

INFO:root:Nuestro universo es: ABCDEFGHIJKLMNOPQRSTUVWXYZabcdefghijklmnopqrstuvwxyz1234567890 !?.
INFO:root:Cifrando mensaje...
INFO:root:sxoov_xuo.=.kwwsv://dslCjlwkxeCfrp/uhsrv/dqjprqw/Sruwdirolr_SF/sxoov{/qxpehu}

INFO:root:Nuestro universo es: ABCDEFGHIJKLMNOPQRSTUVWXYZabcdefghijklmnopqrstuvwxyz1234567890 !?.
INFO:root:Cifrando mensaje...
INFO:root:plohvwrqhv_xuo.=.kwwsv://dslCjlwkxeCfrp/uhsrv/dqjprqw/Sruwdirolr_SF/plohvwrqhv{/qxpehu}

INFO:root:Nuestro universo es: ABCDEFGHIJKLMNOPQRSTUVWXYZabcdefghijklmnopqrstuvwxyz1234567890 !?.
INFO:root:Cifrando mensaje...
INFO:root:qrwlilfdwlrqv_xuo.=.kwwsv://dslCjlwkxeCfrp/uhsrv/dqjprqw/Sruwdirolr_SF/qrwlilfdwlrqv{Bvlqfh,doo,sduwlflsdwlqj}

INFO:root:Nuestro universo es: ABCDEFGHIJKLMNOPQRSTUVWXYZabcdefghijklmnopqrstuvwxyz1234567890 !?.
INFO:root:Cifrando mensaje...
INFO:root:odehov_xuo.=.kwwsv://dslCjlwkxeCfrp/uhsrv/dqjprqw/Sruwdirolr_SF/odehov{/qdph}

INFO:root:Nuestro universo es: ABCDEFGHIJKLMNOPQRSTUVWXYZabcdefghijklmnopqrstuvwxyz1234567890 !?.
INFO:root:Cifrando mensaje...
INFO:root:uhohdvhv_xuo.=.kwwsv://dslCjlwkxeCfrp/uhsrv/dqjprqw/Sruwdirolr_SF/uhohdvhv{/lg}

INFO:root:Nuestro universo es: ABCDEFGHIJKLMNOPQRSTUVWXYZabcdefghijklmnopqrstuvwxyz1234567890 !?.
INFO:root:Cifrando mensaje...
INFO:root:ghsor2phqwv_xuo.=.kwwsv://dslCjlwkxeCfrp/uhsrv/dqjprqw/Sruwdirolr_SF/ghsor2phqwv

INFO:root:Nuestro universo es: ABCDEFGHIJKLMNOPQRSTUVWXYZabcdefghijklmnopqrstuvwxyz1234567890 !?.
INFO:root:Cifrando mensaje...
INFO:root:fuhdwhg_dw.=.5?54-44-?6W?6:77:64c

INFO:root:Nuestro universo es: ABCDEFGHIJKLMNOPQRSTUVWXYZabcdefghijklmnopqrstuvwxyz1234567890 !?.
INFO:root:Cifrando mensaje...
INFO:root:xsgdwhg_dw.=.5?54-44-?!W?7:47:8!c

INFO:root:Nuestro universo es: ABCDEFGHIJKLMNOPQRSTUVWXYZabcdefghijklmnopqrstuvwxyz1234567890 !?.
INFO:root:Cifrando mensaje...
INFO:root:sxvkhg_dw.=.5?54-44-?!W?7:47:80c

INFO:root:Nuestro universo es: ABCDEFGHIJKLMNOPQRSTUVWXYZabcdefghijklmnopqrstuvwxyz1234567890 !?.
INFO:root:Cifrando mensaje...
INFO:root:jlw_xuo.=.jlw://jlwkxeCfrp/dqjprqw/Sruwdirolr_SFCjlw

INFO:root:Nuestro universo es: ABCDEFGHIJKLMNOPQRSTUVWXYZabcdefghijklmnopqrstuvwxyz1234567890 !?.
INFO:root:Cifrando mensaje...
INFO:root:vvk_xuo.=.jlw@jlwkxeCfrp:dqjprqw/Sruwdirolr_SFCjlw

INFO:root:Nuestro universo es: ABCDEFGHIJKLMNOPQRSTUVWXYZabcdefghijklmnopqrstuvwxyz1234567890 !?.
INFO:root:Cifrando mensaje...
INFO:root:forqh_xuo.=.kwwsv://jlwkxeCfrp/dqjprqw/Sruwdirolr_SFCjlw

INFO:root:Nuestro universo es: ABCDEFGHIJKLMNOPQRSTUVWXYZabcdefghijklmnopqrstuvwxyz1234567890 !?.
INFO:root:Cifrando mensaje...
INFO:root:vyq_xuo.=.kwwsv://jlwkxeCfrp/dqjprqw/Sruwdirolr_SF

INFO:root:Nuestro universo es: ABCDEFGHIJKLMNOPQRSTUVWXYZabcdefghijklmnopqrstuvwxyz1234567890 !?.
INFO:root:Cifrando mensaje...
INFO:root:krphsdjh.=.Qrqh

INFO:root:Nuestro universo es: ABCDEFGHIJKLMNOPQRSTUVWXYZabcdefghijklmnopqrstuvwxyz1234567890 !?.
INFO:root:Cifrando mensaje...
INFO:root:vl3h.=.0!9!

INFO:root:Nuestro universo es: ABCDEFGHIJKLMNOPQRSTUVWXYZabcdefghijklmnopqrstuvwxyz1234567890 !?.
INFO:root:Cifrando mensaje...
INFO:root:vwdujd3huv_frxqw.=.?

INFO:root:Nuestro universo es: ABCDEFGHIJKLMNOPQRSTUVWXYZabcdefghijklmnopqrstuvwxyz1234567890 !?.
INFO:root:Cifrando mensaje...
INFO:root:zdwfkhuv_frxqw.=.?

INFO:root:Nuestro universo es: ABCDEFGHIJKLMNOPQRSTUVWXYZabcdefghijklmnopqrstuvwxyz1234567890 !?.
INFO:root:Cifrando mensaje...
INFO:root:odqjxdjh.=.SrzhuVkhoo

INFO:root:Nuestro universo es: ABCDEFGHIJKLMNOPQRSTUVWXYZabcdefghijklmnopqrstuvwxyz1234567890 !?.
INFO:root:Cifrando mensaje...
INFO:root:kdv_lvvxhv.=.Wuxh

INFO:root:Nuestro universo es: ABCDEFGHIJKLMNOPQRSTUVWXYZabcdefghijklmnopqrstuvwxyz1234567890 !?.
INFO:root:Cifrando mensaje...
INFO:root:kdv_surmhfwv.=.Wuxh

INFO:root:Nuestro universo es: ABCDEFGHIJKLMNOPQRSTUVWXYZabcdefghijklmnopqrstuvwxyz1234567890 !?.
INFO:root:Cifrando mensaje...
INFO:root:kdv_grzqordgv.=.Wuxh

INFO:root:Nuestro universo es: ABCDEFGHIJKLMNOPQRSTUVWXYZabcdefghijklmnopqrstuvwxyz1234567890 !?.
INFO:root:Cifrando mensaje...
INFO:root:kdv_zlnl.=.Wuxh

INFO:root:Nuestro universo es: ABCDEFGHIJKLMNOPQRSTUVWXYZabcdefghijklmnopqrstuvwxyz1234567890 !?.
INFO:root:Cifrando mensaje...
INFO:root:kdv_sdjhv.=.Idovh

INFO:root:Nuestro universo es: ABCDEFGHIJKLMNOPQRSTUVWXYZabcdefghijklmnopqrstuvwxyz1234567890 !?.
INFO:root:Cifrando mensaje...
INFO:root:irunv_frxqw.=.?

INFO:root:Nuestro universo es: ABCDEFGHIJKLMNOPQRSTUVWXYZabcdefghijklmnopqrstuvwxyz1234567890 !?.
INFO:root:Cifrando mensaje...
INFO:root:pluuru_xuo.=.Qrqh

INFO:root:Nuestro universo es: ABCDEFGHIJKLMNOPQRSTUVWXYZabcdefghijklmnopqrstuvwxyz1234567890 !?.
INFO:root:Cifrando mensaje...
INFO:root:dufklyhg.=.Idovh

INFO:root:Nuestro universo es: ABCDEFGHIJKLMNOPQRSTUVWXYZabcdefghijklmnopqrstuvwxyz1234567890 !?.
INFO:root:Cifrando mensaje...
INFO:root:glvdeohg.=.Idovh

INFO:root:Nuestro universo es: ABCDEFGHIJKLMNOPQRSTUVWXYZabcdefghijklmnopqrstuvwxyz1234567890 !?.
INFO:root:Cifrando mensaje...
INFO:root:rshq_lvvxhv_frxqw.=.?

INFO:root:Nuestro universo es: ABCDEFGHIJKLMNOPQRSTUVWXYZabcdefghijklmnopqrstuvwxyz1234567890 !?.
INFO:root:Cifrando mensaje...
INFO:root:olfhqvh.=.Qrqh

INFO:root:Nuestro universo es: ABCDEFGHIJKLMNOPQRSTUVWXYZabcdefghijklmnopqrstuvwxyz1234567890 !?.
INFO:root:Cifrando mensaje...
INFO:root:doorz_irunlqj.=.Wuxh

INFO:root:Nuestro universo es: ABCDEFGHIJKLMNOPQRSTUVWXYZabcdefghijklmnopqrstuvwxyz1234567890 !?.
INFO:root:Cifrando mensaje...
INFO:root:lv_whpsodwh.=.Idovh

INFO:root:Nuestro universo es: ABCDEFGHIJKLMNOPQRSTUVWXYZabcdefghijklmnopqrstuvwxyz1234567890 !?.
INFO:root:Cifrando mensaje...
INFO:root:wrslfv.=.[]

INFO:root:Nuestro universo es: ABCDEFGHIJKLMNOPQRSTUVWXYZabcdefghijklmnopqrstuvwxyz1234567890 !?.
INFO:root:Cifrando mensaje...
INFO:root:ylvlelolw2.=.sxeolf

INFO:root:Nuestro universo es: ABCDEFGHIJKLMNOPQRSTUVWXYZabcdefghijklmnopqrstuvwxyz1234567890 !?.
INFO:root:Cifrando mensaje...
INFO:root:irunv.=.?

INFO:root:Nuestro universo es: ABCDEFGHIJKLMNOPQRSTUVWXYZabcdefghijklmnopqrstuvwxyz1234567890 !?.
INFO:root:Cifrando mensaje...
INFO:root:rshq_lvvxhv.=.?

INFO:root:Nuestro universo es: ABCDEFGHIJKLMNOPQRSTUVWXYZabcdefghijklmnopqrstuvwxyz1234567890 !?.
INFO:root:Cifrando mensaje...
INFO:root:zdwfkhuv.=.?

INFO:root:Nuestro universo es: ABCDEFGHIJKLMNOPQRSTUVWXYZabcdefghijklmnopqrstuvwxyz1234567890 !?.
INFO:root:Cifrando mensaje...
INFO:root:ghidxow_eudqfk.=.pdlq

INFO:root:Nuestro universo es: ABCDEFGHIJKLMNOPQRSTUVWXYZabcdefghijklmnopqrstuvwxyz1234567890 !?.
INFO:root:Cifrando mensaje...
INFO:root:Uhsrvlwrulr.8


INFO:root:Nuestro universo es: ABCDEFGHIJKLMNOPQRSTUVWXYZabcdefghijklmnopqrstuvwxyz1234567890 !?.
INFO:root:Cifrando mensaje...
INFO:root:lg.=.6! 8 !848

INFO:root:Nuestro universo es: ABCDEFGHIJKLMNOPQRSTUVWXYZabcdefghijklmnopqrstuvwxyz1234567890 !?.
INFO:root:Cifrando mensaje...
INFO:root:qrgh_lg.=.PGHzRoMofJ!3daUyfqn3RWj4RGn4PWX=

INFO:root:Nuestro universo es: ABCDEFGHIJKLMNOPQRSTUVWXYZabcdefghijklmnopqrstuvwxyz1234567890 !?.
INFO:root:Cifrando mensaje...
INFO:root:qdph.=.sur2hfwr

INFO:root:Nuestro universo es: ABCDEFGHIJKLMNOPQRSTUVWXYZabcdefghijklmnopqrstuvwxyz1234567890 !?.
INFO:root:Cifrando mensaje...
INFO:root:ixoo_qdph.=.dqjprqw/sur2hfwr

INFO:root:Nuestro universo es: ABCDEFGHIJKLMNOPQRSTUVWXYZabcdefghijklmnopqrstuvwxyz1234567890 !?.
INFO:root:Cifrando mensaje...
INFO:root:sulydwh.=.Idovh

INFO:root:Nuestro universo es: ABCDEFGHIJKLMNOPQRSTUVWXYZabcdefghijklmnopqrstuvwxyz1234567890 !?.
INFO:root:Cifrando mensaje...
INFO:root:rzqhu.=.{'orjlq':.'dqjprqw',.'lg':.  !600!4,.'qrgh_lg':.'PGT9YaQofmj7RWP6Q3n1',.'dydwdu_xuo':.'kwwsv://dydwduvCjlwkxexvhufrqwhqwCfrp/x/  !600!4By=7',.'judydwdu_lg':.'',.'xuo':.'kwwsv://dslCjlwkxeCfrp/xvhuv/dqjprqw',.'kwpo_xuo':.'kwwsv://jlwkxeCfrp/dqjprqw',.'iroorzhuv_xuo':.'kwwsv://dslCjlwkxeCfrp/xvhuv/dqjprqw/iroorzhuv',.'iroorzlqj_xuo':.'kwwsv://dslCjlwkxeCfrp/xvhuv/dqjprqw/iroorzlqj{/rwkhu_xvhu}',.'jlvwv_xuo':.'kwwsv://dslCjlwkxeCfrp/xvhuv/dqjprqw/jlvwv{/jlvw_lg}',.'vwduuhg_xuo':.'kwwsv://dslCjlwkxeCfrp/xvhuv/dqjprqw/vwduuhg{/rzqhu}{/uhsr}',.'vxevfulswlrqv_xuo':.'kwwsv://dslCjlwkxeCfrp/xvhuv/dqjprqw/vxevfulswlrqv',.'rujdql3dwlrqv_xuo':.'kwwsv://dslCjlwkxeCfrp/xvhuv/dqjprqw/rujv',.'uhsrv_xuo':.'kwwsv://dslCjlwkxeCfrp/xvhuv/dqjprqw/uhsrv',.'hyhqwv_xuo':.'kwwsv://dslCjlwkxeCfrp/xvhuv/dqjprqw/hyhqwv{/sulydf2}',.'uhfhlyhg_hyhqwv_xuo':.'kwwsv://dslCjlwkxeCfrp/xvhuv/dqjprqw/uhfhlyhg_hyhqwv',.'w2sh':.'Xvhu',.'vlwh_dgplq':.Idovh}

INFO:root:Nuestro universo es: ABCDEFGHIJKLMNOPQRSTUVWXYZabcdefghijklmnopqrstuvwxyz1234567890 !?.
INFO:root:Cifrando mensaje...
INFO:root:kwpo_xuo.=.kwwsv://jlwkxeCfrp/dqjprqw/sur2hfwr

INFO:root:Nuestro universo es: ABCDEFGHIJKLMNOPQRSTUVWXYZabcdefghijklmnopqrstuvwxyz1234567890 !?.
INFO:root:Cifrando mensaje...
INFO:root:ghvfulswlrq.=.Lqwhqwdué.vxelu.plv.dufklyrv.hq.jlwkxe,.hv.od.sulphud.suáfwlfd.gho.oderudwrulr.gh.flehuvhjxulgdg.

INFO:root:Nuestro universo es: ABCDEFGHIJKLMNOPQRSTUVWXYZabcdefghijklmnopqrstuvwxyz1234567890 !?.
INFO:root:Cifrando mensaje...
INFO:root:irun.=.Idovh

INFO:root:Nuestro universo es: ABCDEFGHIJKLMNOPQRSTUVWXYZabcdefghijklmnopqrstuvwxyz1234567890 !?.
INFO:root:Cifrando mensaje...
INFO:root:xuo.=.kwwsv://dslCjlwkxeCfrp/uhsrv/dqjprqw/sur2hfwr

INFO:root:Nuestro universo es: ABCDEFGHIJKLMNOPQRSTUVWXYZabcdefghijklmnopqrstuvwxyz1234567890 !?.
INFO:root:Cifrando mensaje...
INFO:root:irunv_xuo.=.kwwsv://dslCjlwkxeCfrp/uhsrv/dqjprqw/sur2hfwr/irunv

INFO:root:Nuestro universo es: ABCDEFGHIJKLMNOPQRSTUVWXYZabcdefghijklmnopqrstuvwxyz1234567890 !?.
INFO:root:Cifrando mensaje...
INFO:root:nh2v_xuo.=.kwwsv://dslCjlwkxeCfrp/uhsrv/dqjprqw/sur2hfwr/nh2v{/nh2_lg}

INFO:root:Nuestro universo es: ABCDEFGHIJKLMNOPQRSTUVWXYZabcdefghijklmnopqrstuvwxyz1234567890 !?.
INFO:root:Cifrando mensaje...
INFO:root:frooderudwruv_xuo.=.kwwsv://dslCjlwkxeCfrp/uhsrv/dqjprqw/sur2hfwr/frooderudwruv{/frooderudwru}

INFO:root:Nuestro universo es: ABCDEFGHIJKLMNOPQRSTUVWXYZabcdefghijklmnopqrstuvwxyz1234567890 !?.
INFO:root:Cifrando mensaje...
INFO:root:whdpv_xuo.=.kwwsv://dslCjlwkxeCfrp/uhsrv/dqjprqw/sur2hfwr/whdpv

INFO:root:Nuestro universo es: ABCDEFGHIJKLMNOPQRSTUVWXYZabcdefghijklmnopqrstuvwxyz1234567890 !?.
INFO:root:Cifrando mensaje...
INFO:root:krrnv_xuo.=.kwwsv://dslCjlwkxeCfrp/uhsrv/dqjprqw/sur2hfwr/krrnv

INFO:root:Nuestro universo es: ABCDEFGHIJKLMNOPQRSTUVWXYZabcdefghijklmnopqrstuvwxyz1234567890 !?.
INFO:root:Cifrando mensaje...
INFO:root:lvvxh_hyhqwv_xuo.=.kwwsv://dslCjlwkxeCfrp/uhsrv/dqjprqw/sur2hfwr/lvvxhv/hyhqwv{/qxpehu}

INFO:root:Nuestro universo es: ABCDEFGHIJKLMNOPQRSTUVWXYZabcdefghijklmnopqrstuvwxyz1234567890 !?.
INFO:root:Cifrando mensaje...
INFO:root:hyhqwv_xuo.=.kwwsv://dslCjlwkxeCfrp/uhsrv/dqjprqw/sur2hfwr/hyhqwv

INFO:root:Nuestro universo es: ABCDEFGHIJKLMNOPQRSTUVWXYZabcdefghijklmnopqrstuvwxyz1234567890 !?.
INFO:root:Cifrando mensaje...
INFO:root:dvvljqhhv_xuo.=.kwwsv://dslCjlwkxeCfrp/uhsrv/dqjprqw/sur2hfwr/dvvljqhhv{/xvhu}

INFO:root:Nuestro universo es: ABCDEFGHIJKLMNOPQRSTUVWXYZabcdefghijklmnopqrstuvwxyz1234567890 !?.
INFO:root:Cifrando mensaje...
INFO:root:eudqfkhv_xuo.=.kwwsv://dslCjlwkxeCfrp/uhsrv/dqjprqw/sur2hfwr/eudqfkhv{/eudqfk}

INFO:root:Nuestro universo es: ABCDEFGHIJKLMNOPQRSTUVWXYZabcdefghijklmnopqrstuvwxyz1234567890 !?.
INFO:root:Cifrando mensaje...
INFO:root:wdjv_xuo.=.kwwsv://dslCjlwkxeCfrp/uhsrv/dqjprqw/sur2hfwr/wdjv

INFO:root:Nuestro universo es: ABCDEFGHIJKLMNOPQRSTUVWXYZabcdefghijklmnopqrstuvwxyz1234567890 !?.
INFO:root:Cifrando mensaje...
INFO:root:eorev_xuo.=.kwwsv://dslCjlwkxeCfrp/uhsrv/dqjprqw/sur2hfwr/jlw/eorev{/vkd}

INFO:root:Nuestro universo es: ABCDEFGHIJKLMNOPQRSTUVWXYZabcdefghijklmnopqrstuvwxyz1234567890 !?.
INFO:root:Cifrando mensaje...
INFO:root:jlw_wdjv_xuo.=.kwwsv://dslCjlwkxeCfrp/uhsrv/dqjprqw/sur2hfwr/jlw/wdjv{/vkd}

INFO:root:Nuestro universo es: ABCDEFGHIJKLMNOPQRSTUVWXYZabcdefghijklmnopqrstuvwxyz1234567890 !?.
INFO:root:Cifrando mensaje...
INFO:root:jlw_uhiv_xuo.=.kwwsv://dslCjlwkxeCfrp/uhsrv/dqjprqw/sur2hfwr/jlw/uhiv{/vkd}

INFO:root:Nuestro universo es: ABCDEFGHIJKLMNOPQRSTUVWXYZabcdefghijklmnopqrstuvwxyz1234567890 !?.
INFO:root:Cifrando mensaje...
INFO:root:wuhhv_xuo.=.kwwsv://dslCjlwkxeCfrp/uhsrv/dqjprqw/sur2hfwr/jlw/wuhhv{/vkd}

INFO:root:Nuestro universo es: ABCDEFGHIJKLMNOPQRSTUVWXYZabcdefghijklmnopqrstuvwxyz1234567890 !?.
INFO:root:Cifrando mensaje...
INFO:root:vwdwxvhv_xuo.=.kwwsv://dslCjlwkxeCfrp/uhsrv/dqjprqw/sur2hfwr/vwdwxvhv/{vkd}

INFO:root:Nuestro universo es: ABCDEFGHIJKLMNOPQRSTUVWXYZabcdefghijklmnopqrstuvwxyz1234567890 !?.
INFO:root:Cifrando mensaje...
INFO:root:odqjxdjhv_xuo.=.kwwsv://dslCjlwkxeCfrp/uhsrv/dqjprqw/sur2hfwr/odqjxdjhv

INFO:root:Nuestro universo es: ABCDEFGHIJKLMNOPQRSTUVWXYZabcdefghijklmnopqrstuvwxyz1234567890 !?.
INFO:root:Cifrando mensaje...
INFO:root:vwdujd3huv_xuo.=.kwwsv://dslCjlwkxeCfrp/uhsrv/dqjprqw/sur2hfwr/vwdujd3huv

INFO:root:Nuestro universo es: ABCDEFGHIJKLMNOPQRSTUVWXYZabcdefghijklmnopqrstuvwxyz1234567890 !?.
INFO:root:Cifrando mensaje...
INFO:root:frqwulexwruv_xuo.=.kwwsv://dslCjlwkxeCfrp/uhsrv/dqjprqw/sur2hfwr/frqwulexwruv

INFO:root:Nuestro universo es: ABCDEFGHIJKLMNOPQRSTUVWXYZabcdefghijklmnopqrstuvwxyz1234567890 !?.
INFO:root:Cifrando mensaje...
INFO:root:vxevfulehuv_xuo.=.kwwsv://dslCjlwkxeCfrp/uhsrv/dqjprqw/sur2hfwr/vxevfulehuv

INFO:root:Nuestro universo es: ABCDEFGHIJKLMNOPQRSTUVWXYZabcdefghijklmnopqrstuvwxyz1234567890 !?.
INFO:root:Cifrando mensaje...
INFO:root:vxevfulswlrq_xuo.=.kwwsv://dslCjlwkxeCfrp/uhsrv/dqjprqw/sur2hfwr/vxevfulswlrq

INFO:root:Nuestro universo es: ABCDEFGHIJKLMNOPQRSTUVWXYZabcdefghijklmnopqrstuvwxyz1234567890 !?.
INFO:root:Cifrando mensaje...
INFO:root:frpplwv_xuo.=.kwwsv://dslCjlwkxeCfrp/uhsrv/dqjprqw/sur2hfwr/frpplwv{/vkd}

INFO:root:Nuestro universo es: ABCDEFGHIJKLMNOPQRSTUVWXYZabcdefghijklmnopqrstuvwxyz1234567890 !?.
INFO:root:Cifrando mensaje...
INFO:root:jlw_frpplwv_xuo.=.kwwsv://dslCjlwkxeCfrp/uhsrv/dqjprqw/sur2hfwr/jlw/frpplwv{/vkd}

INFO:root:Nuestro universo es: ABCDEFGHIJKLMNOPQRSTUVWXYZabcdefghijklmnopqrstuvwxyz1234567890 !?.
INFO:root:Cifrando mensaje...
INFO:root:frpphqwv_xuo.=.kwwsv://dslCjlwkxeCfrp/uhsrv/dqjprqw/sur2hfwr/frpphqwv{/qxpehu}

INFO:root:Nuestro universo es: ABCDEFGHIJKLMNOPQRSTUVWXYZabcdefghijklmnopqrstuvwxyz1234567890 !?.
INFO:root:Cifrando mensaje...
INFO:root:lvvxh_frpphqw_xuo.=.kwwsv://dslCjlwkxeCfrp/uhsrv/dqjprqw/sur2hfwr/lvvxhv/frpphqwv{/qxpehu}

INFO:root:Nuestro universo es: ABCDEFGHIJKLMNOPQRSTUVWXYZabcdefghijklmnopqrstuvwxyz1234567890 !?.
INFO:root:Cifrando mensaje...
INFO:root:frqwhqwv_xuo.=.kwwsv://dslCjlwkxeCfrp/uhsrv/dqjprqw/sur2hfwr/frqwhqwv/{+sdwk}

INFO:root:Nuestro universo es: ABCDEFGHIJKLMNOPQRSTUVWXYZabcdefghijklmnopqrstuvwxyz1234567890 !?.
INFO:root:Cifrando mensaje...
INFO:root:frpsduh_xuo.=.kwwsv://dslCjlwkxeCfrp/uhsrv/dqjprqw/sur2hfwr/frpsduh/{edvh}CCC{khdg}

INFO:root:Nuestro universo es: ABCDEFGHIJKLMNOPQRSTUVWXYZabcdefghijklmnopqrstuvwxyz1234567890 !?.
INFO:root:Cifrando mensaje...
INFO:root:phujhv_xuo.=.kwwsv://dslCjlwkxeCfrp/uhsrv/dqjprqw/sur2hfwr/phujhv

INFO:root:Nuestro universo es: ABCDEFGHIJKLMNOPQRSTUVWXYZabcdefghijklmnopqrstuvwxyz1234567890 !?.
INFO:root:Cifrando mensaje...
INFO:root:dufklyh_xuo.=.kwwsv://dslCjlwkxeCfrp/uhsrv/dqjprqw/sur2hfwr/{dufklyh_irupdw}{/uhi}

INFO:root:Nuestro universo es: ABCDEFGHIJKLMNOPQRSTUVWXYZabcdefghijklmnopqrstuvwxyz1234567890 !?.
INFO:root:Cifrando mensaje...
INFO:root:grzqordgv_xuo.=.kwwsv://dslCjlwkxeCfrp/uhsrv/dqjprqw/sur2hfwr/grzqordgv

INFO:root:Nuestro universo es: ABCDEFGHIJKLMNOPQRSTUVWXYZabcdefghijklmnopqrstuvwxyz1234567890 !?.
INFO:root:Cifrando mensaje...
INFO:root:lvvxhv_xuo.=.kwwsv://dslCjlwkxeCfrp/uhsrv/dqjprqw/sur2hfwr/lvvxhv{/qxpehu}

INFO:root:Nuestro universo es: ABCDEFGHIJKLMNOPQRSTUVWXYZabcdefghijklmnopqrstuvwxyz1234567890 !?.
INFO:root:Cifrando mensaje...
INFO:root:sxoov_xuo.=.kwwsv://dslCjlwkxeCfrp/uhsrv/dqjprqw/sur2hfwr/sxoov{/qxpehu}

INFO:root:Nuestro universo es: ABCDEFGHIJKLMNOPQRSTUVWXYZabcdefghijklmnopqrstuvwxyz1234567890 !?.
INFO:root:Cifrando mensaje...
INFO:root:plohvwrqhv_xuo.=.kwwsv://dslCjlwkxeCfrp/uhsrv/dqjprqw/sur2hfwr/plohvwrqhv{/qxpehu}

INFO:root:Nuestro universo es: ABCDEFGHIJKLMNOPQRSTUVWXYZabcdefghijklmnopqrstuvwxyz1234567890 !?.
INFO:root:Cifrando mensaje...
INFO:root:qrwlilfdwlrqv_xuo.=.kwwsv://dslCjlwkxeCfrp/uhsrv/dqjprqw/sur2hfwr/qrwlilfdwlrqv{Bvlqfh,doo,sduwlflsdwlqj}

INFO:root:Nuestro universo es: ABCDEFGHIJKLMNOPQRSTUVWXYZabcdefghijklmnopqrstuvwxyz1234567890 !?.
INFO:root:Cifrando mensaje...
INFO:root:odehov_xuo.=.kwwsv://dslCjlwkxeCfrp/uhsrv/dqjprqw/sur2hfwr/odehov{/qdph}

INFO:root:Nuestro universo es: ABCDEFGHIJKLMNOPQRSTUVWXYZabcdefghijklmnopqrstuvwxyz1234567890 !?.
INFO:root:Cifrando mensaje...
INFO:root:uhohdvhv_xuo.=.kwwsv://dslCjlwkxeCfrp/uhsrv/dqjprqw/sur2hfwr/uhohdvhv{/lg}

INFO:root:Nuestro universo es: ABCDEFGHIJKLMNOPQRSTUVWXYZabcdefghijklmnopqrstuvwxyz1234567890 !?.
INFO:root:Cifrando mensaje...
INFO:root:ghsor2phqwv_xuo.=.kwwsv://dslCjlwkxeCfrp/uhsrv/dqjprqw/sur2hfwr/ghsor2phqwv

INFO:root:Nuestro universo es: ABCDEFGHIJKLMNOPQRSTUVWXYZabcdefghijklmnopqrstuvwxyz1234567890 !?.
INFO:root:Cifrando mensaje...
INFO:root:fuhdwhg_dw.=.5?54-? -54W48:49:?5c

INFO:root:Nuestro universo es: ABCDEFGHIJKLMNOPQRSTUVWXYZabcdefghijklmnopqrstuvwxyz1234567890 !?.
INFO:root:Cifrando mensaje...
INFO:root:xsgdwhg_dw.=.5?54-44-?9W49:?4:88c

INFO:root:Nuestro universo es: ABCDEFGHIJKLMNOPQRSTUVWXYZabcdefghijklmnopqrstuvwxyz1234567890 !?.
INFO:root:Cifrando mensaje...
INFO:root:sxvkhg_dw.=.5?54-44-?9W49:?4:85c

INFO:root:Nuestro universo es: ABCDEFGHIJKLMNOPQRSTUVWXYZabcdefghijklmnopqrstuvwxyz1234567890 !?.
INFO:root:Cifrando mensaje...
INFO:root:jlw_xuo.=.jlw://jlwkxeCfrp/dqjprqw/sur2hfwrCjlw

INFO:root:Nuestro universo es: ABCDEFGHIJKLMNOPQRSTUVWXYZabcdefghijklmnopqrstuvwxyz1234567890 !?.
INFO:root:Cifrando mensaje...
INFO:root:vvk_xuo.=.jlw@jlwkxeCfrp:dqjprqw/sur2hfwrCjlw

INFO:root:Nuestro universo es: ABCDEFGHIJKLMNOPQRSTUVWXYZabcdefghijklmnopqrstuvwxyz1234567890 !?.
INFO:root:Cifrando mensaje...
INFO:root:forqh_xuo.=.kwwsv://jlwkxeCfrp/dqjprqw/sur2hfwrCjlw

INFO:root:Nuestro universo es: ABCDEFGHIJKLMNOPQRSTUVWXYZabcdefghijklmnopqrstuvwxyz1234567890 !?.
INFO:root:Cifrando mensaje...
INFO:root:vyq_xuo.=.kwwsv://jlwkxeCfrp/dqjprqw/sur2hfwr

INFO:root:Nuestro universo es: ABCDEFGHIJKLMNOPQRSTUVWXYZabcdefghijklmnopqrstuvwxyz1234567890 !?.
INFO:root:Cifrando mensaje...
INFO:root:krphsdjh.=.Qrqh

INFO:root:Nuestro universo es: ABCDEFGHIJKLMNOPQRSTUVWXYZabcdefghijklmnopqrstuvwxyz1234567890 !?.
INFO:root:Cifrando mensaje...
INFO:root:vl3h.=.47!66

INFO:root:Nuestro universo es: ABCDEFGHIJKLMNOPQRSTUVWXYZabcdefghijklmnopqrstuvwxyz1234567890 !?.
INFO:root:Cifrando mensaje...
INFO:root:vwdujd3huv_frxqw.=.?

INFO:root:Nuestro universo es: ABCDEFGHIJKLMNOPQRSTUVWXYZabcdefghijklmnopqrstuvwxyz1234567890 !?.
INFO:root:Cifrando mensaje...
INFO:root:zdwfkhuv_frxqw.=.?

INFO:root:Nuestro universo es: ABCDEFGHIJKLMNOPQRSTUVWXYZabcdefghijklmnopqrstuvwxyz1234567890 !?.
INFO:root:Cifrando mensaje...
INFO:root:odqjxdjh.=.KWPO

INFO:root:Nuestro universo es: ABCDEFGHIJKLMNOPQRSTUVWXYZabcdefghijklmnopqrstuvwxyz1234567890 !?.
INFO:root:Cifrando mensaje...
INFO:root:kdv_lvvxhv.=.Wuxh

INFO:root:Nuestro universo es: ABCDEFGHIJKLMNOPQRSTUVWXYZabcdefghijklmnopqrstuvwxyz1234567890 !?.
INFO:root:Cifrando mensaje...
INFO:root:kdv_surmhfwv.=.Wuxh

INFO:root:Nuestro universo es: ABCDEFGHIJKLMNOPQRSTUVWXYZabcdefghijklmnopqrstuvwxyz1234567890 !?.
INFO:root:Cifrando mensaje...
INFO:root:kdv_grzqordgv.=.Wuxh

INFO:root:Nuestro universo es: ABCDEFGHIJKLMNOPQRSTUVWXYZabcdefghijklmnopqrstuvwxyz1234567890 !?.
INFO:root:Cifrando mensaje...
INFO:root:kdv_zlnl.=.Wuxh

INFO:root:Nuestro universo es: ABCDEFGHIJKLMNOPQRSTUVWXYZabcdefghijklmnopqrstuvwxyz1234567890 !?.
INFO:root:Cifrando mensaje...
INFO:root:kdv_sdjhv.=.Idovh

INFO:root:Nuestro universo es: ABCDEFGHIJKLMNOPQRSTUVWXYZabcdefghijklmnopqrstuvwxyz1234567890 !?.
INFO:root:Cifrando mensaje...
INFO:root:irunv_frxqw.=.?

INFO:root:Nuestro universo es: ABCDEFGHIJKLMNOPQRSTUVWXYZabcdefghijklmnopqrstuvwxyz1234567890 !?.
INFO:root:Cifrando mensaje...
INFO:root:pluuru_xuo.=.Qrqh

INFO:root:Nuestro universo es: ABCDEFGHIJKLMNOPQRSTUVWXYZabcdefghijklmnopqrstuvwxyz1234567890 !?.
INFO:root:Cifrando mensaje...
INFO:root:dufklyhg.=.Idovh

INFO:root:Nuestro universo es: ABCDEFGHIJKLMNOPQRSTUVWXYZabcdefghijklmnopqrstuvwxyz1234567890 !?.
INFO:root:Cifrando mensaje...
INFO:root:glvdeohg.=.Idovh

INFO:root:Nuestro universo es: ABCDEFGHIJKLMNOPQRSTUVWXYZabcdefghijklmnopqrstuvwxyz1234567890 !?.
INFO:root:Cifrando mensaje...
INFO:root:rshq_lvvxhv_frxqw.=.?

INFO:root:Nuestro universo es: ABCDEFGHIJKLMNOPQRSTUVWXYZabcdefghijklmnopqrstuvwxyz1234567890 !?.
INFO:root:Cifrando mensaje...
INFO:root:olfhqvh.=.Qrqh

INFO:root:Nuestro universo es: ABCDEFGHIJKLMNOPQRSTUVWXYZabcdefghijklmnopqrstuvwxyz1234567890 !?.
INFO:root:Cifrando mensaje...
INFO:root:doorz_irunlqj.=.Wuxh

INFO:root:Nuestro universo es: ABCDEFGHIJKLMNOPQRSTUVWXYZabcdefghijklmnopqrstuvwxyz1234567890 !?.
INFO:root:Cifrando mensaje...
INFO:root:lv_whpsodwh.=.Idovh

INFO:root:Nuestro universo es: ABCDEFGHIJKLMNOPQRSTUVWXYZabcdefghijklmnopqrstuvwxyz1234567890 !?.
INFO:root:Cifrando mensaje...
INFO:root:wrslfv.=.[]

INFO:root:Nuestro universo es: ABCDEFGHIJKLMNOPQRSTUVWXYZabcdefghijklmnopqrstuvwxyz1234567890 !?.
INFO:root:Cifrando mensaje...
INFO:root:ylvlelolw2.=.sxeolf

INFO:root:Nuestro universo es: ABCDEFGHIJKLMNOPQRSTUVWXYZabcdefghijklmnopqrstuvwxyz1234567890 !?.
INFO:root:Cifrando mensaje...
INFO:root:irunv.=.?

INFO:root:Nuestro universo es: ABCDEFGHIJKLMNOPQRSTUVWXYZabcdefghijklmnopqrstuvwxyz1234567890 !?.
INFO:root:Cifrando mensaje...
INFO:root:rshq_lvvxhv.=.?

INFO:root:Nuestro universo es: ABCDEFGHIJKLMNOPQRSTUVWXYZabcdefghijklmnopqrstuvwxyz1234567890 !?.
INFO:root:Cifrando mensaje...
INFO:root:zdwfkhuv.=.?

INFO:root:Nuestro universo es: ABCDEFGHIJKLMNOPQRSTUVWXYZabcdefghijklmnopqrstuvwxyz1234567890 !?.
INFO:root:Cifrando mensaje...
INFO:root:ghidxow_eudqfk.=.pdvwhu

INFO:root:Hecho!
INFO:root:Se escogió la tarea: 
INFO:root:metadata
INFO:root:Tipo de archivo:
INFO:root:mp3s
INFO:root:Usaremos la ruta: C:\Users\amont\PIA_PC\MP3\MP3_Files
INFO:root:Guardaremos la metadata en: C:\Users\amont\PIA_PC\Entregables
INFO:root:Ingresamos a la función printAllMetaMp3
INFO:root:Entramos a la funcion
INFO:root:Se guardo la metadata
INFO:root:Se guardo la metadata
INFO:root:Se guardo la metadata
INFO:root:Se guardo la metadata
INFO:root:Se escogió la tarea: 
INFO:root:web
INFO:root:Con el modo: 
INFO:root:emails
INFO:root:El dominio es: 
INFO:root:uanl.edu.mx
INFO:root:Si el "modo" es: emails
INFO:root:Entra en la función find_emails
ERROR:root:Ha ocurrido un error: Invalid URL 'uanl.edu.mx': No schema supplied. Perhaps you meant http://uanl.edu.mx?
INFO:root:Se escogió la tarea: 
INFO:root:web
INFO:root:Con el modo: 
INFO:root:emails
INFO:root:El dominio es: 
INFO:root:http://uanl.mx
INFO:root:Si el "modo" es: emails
INFO:root:Entra en la función find_emails
INFO:root:Busca la pagina: http://uanl.mx
INFO:root:emails encontrados: 
INFO:root:{'contactouni@uanl.mx'}
INFO:root:El nombre del archivo será: emails
INFO:root:Abre el archivo: emails.txt
INFO:root:Escribiendo el email... contactouni@uanl.mx en: emails.txt
INFO:root:Finalizado
